[ 2017-09-01T09:29:14+08:00 ] 127.0.0.1 /index.php
INFO: [ app_init ] --START--
INFO: Run Behavior\BuildLiteBehavior [ RunTime:0.000023s ]
INFO: [ app_init ] --END-- [ RunTime:0.000163s ]
INFO: [ app_begin ] --START--
INFO: Run Behavior\ReadHtmlCacheBehavior [ RunTime:0.000081s ]
INFO: [ app_begin ] --END-- [ RunTime:0.000158s ]
INFO: [ view_parse ] --START--
INFO: [ template_filter ] --START--
INFO: Run Behavior\ContentReplaceBehavior [ RunTime:0.000125s ]
INFO: [ template_filter ] --END-- [ RunTime:0.000225s ]
NOTIC: [8] Undefined index: type /var/www/html/raptor/raptor/Runtime/Cache/Home/c90d4147066d56a24520b5e12ebfaaa0.php 第 55 行.
INFO: Run Behavior\ParseTemplateBehavior [ RunTime:0.012652s ]
INFO: [ view_parse ] --END-- [ RunTime:0.012739s ]
INFO: [ view_filter ] --START--
INFO: Run Behavior\WriteHtmlCacheBehavior [ RunTime:0.000094s ]
INFO: [ view_filter ] --END-- [ RunTime:0.000166s ]
INFO: [ app_end ] --START--
INFO: Run Behavior\ShowPageTraceBehavior [ RunTime:0.000089s ]
INFO: [ app_end ] --END-- [ RunTime:0.000172s ]

[ 2017-09-01T09:29:16+08:00 ] 127.0.0.1 /index.php?s=/Home/Login/login.html
INFO: [ app_init ] --START--
INFO: Run Behavior\BuildLiteBehavior [ RunTime:0.000022s ]
INFO: [ app_init ] --END-- [ RunTime:0.000147s ]
INFO: [ app_begin ] --START--
INFO: Run Behavior\ReadHtmlCacheBehavior [ RunTime:0.000072s ]
INFO: [ app_begin ] --END-- [ RunTime:0.000156s ]
INFO: [ view_parse ] --START--
INFO: [ template_filter ] --START--
INFO: Run Behavior\ContentReplaceBehavior [ RunTime:0.000083s ]
INFO: [ template_filter ] --END-- [ RunTime:0.000180s ]
NOTIC: [8] Undefined index: type /var/www/html/raptor/raptor/Runtime/Cache/Home/ee86356223dba704f200e76f7125691c.php 第 55 行.
INFO: Run Behavior\ParseTemplateBehavior [ RunTime:0.006703s ]
INFO: [ view_parse ] --END-- [ RunTime:0.006789s ]
INFO: [ view_filter ] --START--
INFO: Run Behavior\WriteHtmlCacheBehavior [ RunTime:0.000076s ]
INFO: [ view_filter ] --END-- [ RunTime:0.000149s ]
INFO: [ app_end ] --START--
INFO: Run Behavior\ShowPageTraceBehavior [ RunTime:0.000062s ]
INFO: [ app_end ] --END-- [ RunTime:0.000135s ]

[ 2017-09-01T09:29:16+08:00 ] 127.0.0.1 /index.php?s=/Home/Login/images/favicon.ico
INFO: [ app_init ] --START--
INFO: Run Behavior\BuildLiteBehavior [ RunTime:0.000022s ]
INFO: [ app_init ] --END-- [ RunTime:0.000146s ]

[ 2017-09-01T09:29:31+08:00 ] 127.0.0.1 /index.php?s=/Home/Login/login_on
INFO: [ app_init ] --START--
INFO: Run Behavior\BuildLiteBehavior [ RunTime:0.000024s ]
INFO: [ app_init ] --END-- [ RunTime:0.000168s ]
INFO: [ app_begin ] --START--
INFO: Run Behavior\ReadHtmlCacheBehavior [ RunTime:0.000076s ]
INFO: [ app_begin ] --END-- [ RunTime:0.000148s ]
SQL: SHOW COLUMNS FROM `obsec_user` [ RunTime:0.0010s ]
SQL: SELECT * FROM `obsec_user` WHERE ( (user_name='mao0428' or email='mao0428' or phone='mao0428') and password='72dd458d0f6279d889c2adb8d169e9a2' and switch_type='1' ) LIMIT 1   [ RunTime:0.0005s ]
SQL: UPDATE `obsec_user` SET `session_id`='5ffj5kchrs2eh2p7v72tq1sv72' WHERE ( id = '20' ) [ RunTime:0.0055s ]

[ 2017-09-01T09:29:31+08:00 ] 127.0.0.1 /index.php?s=/Home/Scan/scan
INFO: [ app_init ] --START--
INFO: Run Behavior\BuildLiteBehavior [ RunTime:0.000022s ]
INFO: [ app_init ] --END-- [ RunTime:0.000146s ]
INFO: [ app_begin ] --START--
INFO: Run Behavior\ReadHtmlCacheBehavior [ RunTime:0.000067s ]
INFO: [ app_begin ] --END-- [ RunTime:0.000146s ]
SQL: SHOW COLUMNS FROM `obsec_user` [ RunTime:0.0011s ]
SQL: SELECT `session_id` FROM `obsec_user` WHERE ( user_name='mao0428' and id='20' ) LIMIT 1   [ RunTime:0.0004s ]
SQL: SHOW COLUMNS FROM `obsec_upload_info` [ RunTime:0.0009s ]
SQL: SHOW COLUMNS FROM `obsec_upload_info` [ RunTime:0.0009s ]
SQL: SELECT COUNT(*) AS tp_count FROM obsec_upload_info as a INNER JOIN obsec_scan_summary as b ON a.id = b.upinfo_id  WHERE ( a.user_id = '20' and b.scan_status = '1' ) LIMIT 1   [ RunTime:0.0005s ]
SQL: SHOW COLUMNS FROM `obsec_upload_info` [ RunTime:0.0009s ]
SQL: SELECT SUM(b.code_line_num) AS tp_sum FROM obsec_upload_info as a INNER JOIN obsec_scan_summary as b ON a.id = b.upinfo_id  WHERE ( user_id = '20' and b.scan_status = '1' ) LIMIT 1   [ RunTime:0.0005s ]
SQL: SHOW COLUMNS FROM `obsec_upload_info` [ RunTime:0.0010s ]
SQL: SELECT SUM(b.leak_num) AS tp_sum FROM obsec_upload_info as a INNER JOIN obsec_scan_summary as b ON a.id = b.upinfo_id  WHERE ( user_id = '20' and b.scan_status = '1' ) LIMIT 1   [ RunTime:0.0005s ]
SQL: SHOW COLUMNS FROM `obsec_upload_info` [ RunTime:0.0009s ]
SQL: SELECT SUM(b.leak_file_num) AS tp_sum FROM obsec_upload_info as a INNER JOIN obsec_scan_summary as b ON a.id = b.upinfo_id  WHERE ( user_id = '20' and b.scan_status = '1' ) LIMIT 1   [ RunTime:0.0006s ]
SQL: SHOW COLUMNS FROM `obsec_upload_info` [ RunTime:0.0010s ]
SQL: SELECT SUM(b.leak_defect_num) AS tp_sum FROM obsec_upload_info as a INNER JOIN obsec_scan_summary as b ON a.id = b.upinfo_id  WHERE ( user_id = '20' and b.scan_status = '1' ) LIMIT 1   [ RunTime:0.0005s ]
INFO: [ view_parse ] --START--
INFO: [ template_filter ] --START--
INFO: Run Behavior\ContentReplaceBehavior [ RunTime:0.000102s ]
INFO: [ template_filter ] --END-- [ RunTime:0.000201s ]
INFO: Run Behavior\ParseTemplateBehavior [ RunTime:0.008077s ]
INFO: [ view_parse ] --END-- [ RunTime:0.008172s ]
INFO: [ view_filter ] --START--
INFO: Run Behavior\WriteHtmlCacheBehavior [ RunTime:0.000092s ]
INFO: [ view_filter ] --END-- [ RunTime:0.000164s ]
INFO: [ app_end ] --START--
INFO: Run Behavior\ShowPageTraceBehavior [ RunTime:0.000083s ]
INFO: [ app_end ] --END-- [ RunTime:0.000159s ]

[ 2017-09-01T09:29:35+08:00 ] 127.0.0.1 /index.php?s=/Home/Analysis/issues.html
INFO: [ app_init ] --START--
INFO: Run Behavior\BuildLiteBehavior [ RunTime:0.000022s ]
INFO: [ app_init ] --END-- [ RunTime:0.000164s ]
INFO: [ app_begin ] --START--
INFO: Run Behavior\ReadHtmlCacheBehavior [ RunTime:0.000084s ]
INFO: [ app_begin ] --END-- [ RunTime:0.000166s ]
SQL: SHOW COLUMNS FROM `obsec_user` [ RunTime:0.0010s ]
SQL: SELECT `session_id` FROM `obsec_user` WHERE ( user_name='mao0428' and id='20' ) LIMIT 1   [ RunTime:0.0001s ]
NOTIC: [8] Undefined index: info_id /var/www/html/raptor/raptor/Home/Controller/AnalysisController.class.php 第 14 行.
SQL: SHOW COLUMNS FROM `obsec_upload_info` [ RunTime:0.0009s ]
SQL: SELECT `id` FROM `obsec_upload_info` WHERE ( user_id=20 )  [ RunTime:0.0003s ]
SQL: SHOW COLUMNS FROM `obsec_scan_summary` [ RunTime:0.0010s ]
SQL: SELECT `upinfo_id` FROM `obsec_scan_summary` WHERE ( upinfo_id=32 and scan_status=1 )  [ RunTime:0.0004s ]
SQL: SELECT `upinfo_id` FROM `obsec_scan_summary` WHERE ( upinfo_id=38 and scan_status=1 )  [ RunTime:0.0003s ]
INFO: [ view_parse ] --START--
INFO: [ template_filter ] --START--
INFO: Run Behavior\ContentReplaceBehavior [ RunTime:0.000091s ]
INFO: [ template_filter ] --END-- [ RunTime:0.000190s ]
INFO: Run Behavior\ParseTemplateBehavior [ RunTime:0.006555s ]
INFO: [ view_parse ] --END-- [ RunTime:0.006649s ]
INFO: [ view_filter ] --START--
INFO: Run Behavior\WriteHtmlCacheBehavior [ RunTime:0.000091s ]
INFO: [ view_filter ] --END-- [ RunTime:0.000162s ]
INFO: [ app_end ] --START--
INFO: Run Behavior\ShowPageTraceBehavior [ RunTime:0.000124s ]
INFO: [ app_end ] --END-- [ RunTime:0.000197s ]

[ 2017-09-01T09:29:36+08:00 ] 127.0.0.1 /index.php?s=/Home/Analysis/issues2&info_id=38
INFO: [ app_init ] --START--
INFO: Run Behavior\BuildLiteBehavior [ RunTime:0.000038s ]
INFO: [ app_init ] --END-- [ RunTime:0.000167s ]
INFO: [ app_begin ] --START--
INFO: Run Behavior\ReadHtmlCacheBehavior [ RunTime:0.000071s ]
INFO: [ app_begin ] --END-- [ RunTime:0.000142s ]
SQL: SHOW COLUMNS FROM `obsec_user` [ RunTime:0.0011s ]
SQL: SELECT `session_id` FROM `obsec_user` WHERE ( user_name='mao0428' and id='20' ) LIMIT 1   [ RunTime:0.0001s ]
SQL: SHOW COLUMNS FROM `obsec_scan_summary` [ RunTime:0.0010s ]
SQL: SELECT `id` FROM `obsec_scan_summary` WHERE ( scan_status=1 and upinfo_id=38 )  [ RunTime:0.0004s ]
SQL: SHOW COLUMNS FROM `obsec_scan_data` [ RunTime:0.0010s ]
SQL: SELECT `file_type_name`,count('file_type_name') as file_type_num FROM `obsec_scan_data` WHERE ( summary_id = '38' and file_type_name != '' ) GROUP BY file_type_name  [ RunTime:0.0181s ]
NOTIC: [2] Missing argument 2 for Home\Model\AnalysisModel::degree_class(), called in /var/www/html/raptor/raptor/Home/Controller/AnalysisController.class.php on line 42 and defined /var/www/html/raptor/raptor/Home/Model/AnalysisModel.class.php 第 83 行.
NOTIC: [8] Undefined variable: code /var/www/html/raptor/raptor/Home/Model/AnalysisModel.class.php 第 86 行.
SQL: SELECT `leak_grade`,count('leak_grade') as leak_grade_num FROM `obsec_scan_data` WHERE ( summary_id=38 ) GROUP BY leak_grade  [ RunTime:0.0153s ]
NOTIC: [2] Missing argument 2 for Home\Model\AnalysisModel::risk_class(), called in /var/www/html/raptor/raptor/Home/Controller/AnalysisController.class.php on line 55 and defined /var/www/html/raptor/raptor/Home/Model/AnalysisModel.class.php 第 110 行.
NOTIC: [2] Missing argument 3 for Home\Model\AnalysisModel::risk_class(), called in /var/www/html/raptor/raptor/Home/Controller/AnalysisController.class.php on line 55 and defined /var/www/html/raptor/raptor/Home/Model/AnalysisModel.class.php 第 110 行.
NOTIC: [8] Undefined variable: code /var/www/html/raptor/raptor/Home/Model/AnalysisModel.class.php 第 113 行.
NOTIC: [8] Undefined variable: level /var/www/html/raptor/raptor/Home/Model/AnalysisModel.class.php 第 119 行.
SQL: SELECT `summary_id`,`leak_name`,count('leak_name') as leak_name_num FROM `obsec_scan_data` WHERE ( summary_id=38 ) GROUP BY leak_name  [ RunTime:0.0180s ]
INFO: [ app_end ] --START--
INFO: Run Behavior\ShowPageTraceBehavior [ RunTime:0.000090s ]
INFO: [ app_end ] --END-- [ RunTime:0.000158s ]

[ 2017-09-01T09:29:37+08:00 ] 127.0.0.1 /index.php?s=/Home/Analysis/online/info_id/38.html
INFO: [ app_init ] --START--
INFO: Run Behavior\BuildLiteBehavior [ RunTime:0.000021s ]
INFO: [ app_init ] --END-- [ RunTime:0.000145s ]
INFO: [ app_begin ] --START--
INFO: Run Behavior\ReadHtmlCacheBehavior [ RunTime:0.000068s ]
INFO: [ app_begin ] --END-- [ RunTime:0.000146s ]
SQL: SHOW COLUMNS FROM `obsec_user` [ RunTime:0.0010s ]
SQL: SELECT `session_id` FROM `obsec_user` WHERE ( user_name='mao0428' and id='20' ) LIMIT 1   [ RunTime:0.0001s ]
INFO: [ view_parse ] --START--
INFO: [ template_filter ] --START--
INFO: Run Behavior\ContentReplaceBehavior [ RunTime:0.000190s ]
INFO: [ template_filter ] --END-- [ RunTime:0.000286s ]
INFO: Run Behavior\ParseTemplateBehavior [ RunTime:0.010386s ]
INFO: [ view_parse ] --END-- [ RunTime:0.010483s ]
INFO: [ view_filter ] --START--
INFO: Run Behavior\WriteHtmlCacheBehavior [ RunTime:0.000075s ]
INFO: [ view_filter ] --END-- [ RunTime:0.000146s ]
INFO: [ app_end ] --START--
INFO: Run Behavior\ShowPageTraceBehavior [ RunTime:0.000072s ]
INFO: [ app_end ] --END-- [ RunTime:0.000149s ]

[ 2017-09-01T09:29:38+08:00 ] 127.0.0.1 /index.php?s=/Home/Analysis/online_data
INFO: [ app_init ] --START--
INFO: Run Behavior\BuildLiteBehavior [ RunTime:0.000023s ]
INFO: [ app_init ] --END-- [ RunTime:0.000162s ]
INFO: [ app_begin ] --START--
INFO: Run Behavior\ReadHtmlCacheBehavior [ RunTime:0.000078s ]
INFO: [ app_begin ] --END-- [ RunTime:0.000150s ]
SQL: SHOW COLUMNS FROM `obsec_user` [ RunTime:0.0010s ]
SQL: SELECT `session_id` FROM `obsec_user` WHERE ( user_name='mao0428' and id='20' ) LIMIT 1   [ RunTime:0.0001s ]
SQL: SHOW COLUMNS FROM `obsec_upload_info` [ RunTime:0.0009s ]
SQL: SHOW COLUMNS FROM `obsec_upload_info` [ RunTime:0.0009s ]
SQL: SELECT `leak_name` FROM obsec_upload_info AS a INNER JOIN obsec_scan_summary AS b ON a.id = b.upinfo_id INNER JOIN obsec_scan_data AS c ON b.id = c.summary_id  WHERE ( a.id = '38' ) GROUP BY leak_name  [ RunTime:0.0273s ]
SQL: SHOW COLUMNS FROM `obsec_upload_info` [ RunTime:0.0010s ]
SQL: SELECT c.leak_name,c.leak_file_pos,c.leak_line_num,c.leak_sort,c.id,c.leak_sort FROM obsec_upload_info AS a INNER JOIN obsec_scan_summary AS b ON a.id = b.upinfo_id INNER JOIN obsec_scan_data AS c ON b.id = c.summary_id  WHERE ( a.id = '38' and a.user_id = '20'  )  [ RunTime:0.0281s ]
SQL: SHOW COLUMNS FROM `obsec_upload_info` [ RunTime:0.0010s ]
SQL: SELECT `leak_grade`,count(leak_grade) as leak_grade_num FROM obsec_upload_info AS a INNER JOIN obsec_scan_summary AS b ON a.id = b.upinfo_id INNER JOIN obsec_scan_data AS c ON b.id = c.summary_id  WHERE ( a.id = '38' ) GROUP BY leak_grade  [ RunTime:0.0222s ]
NOTIC: [8] Undefined index: grade_con /var/www/html/raptor/raptor/Home/Controller/AnalysisController.class.php 第 279 行.

[ 2017-09-01T09:42:17+08:00 ] 127.0.0.1 /index.php
INFO: [ app_init ] --START--
INFO: Run Behavior\BuildLiteBehavior [ RunTime:0.000022s ]
INFO: [ app_init ] --END-- [ RunTime:0.000163s ]
INFO: [ app_begin ] --START--
INFO: Run Behavior\ReadHtmlCacheBehavior [ RunTime:0.000079s ]
INFO: [ app_begin ] --END-- [ RunTime:0.000158s ]
INFO: [ view_parse ] --START--
INFO: [ template_filter ] --START--
INFO: Run Behavior\ContentReplaceBehavior [ RunTime:0.000123s ]
INFO: [ template_filter ] --END-- [ RunTime:0.000221s ]
NOTIC: [8] Undefined index: type /var/www/html/raptor/raptor/Runtime/Cache/Home/c90d4147066d56a24520b5e12ebfaaa0.php 第 55 行.
INFO: Run Behavior\ParseTemplateBehavior [ RunTime:0.012857s ]
INFO: [ view_parse ] --END-- [ RunTime:0.012945s ]
INFO: [ view_filter ] --START--
INFO: Run Behavior\WriteHtmlCacheBehavior [ RunTime:0.000098s ]
INFO: [ view_filter ] --END-- [ RunTime:0.000170s ]
INFO: [ app_end ] --START--
INFO: Run Behavior\ShowPageTraceBehavior [ RunTime:0.000083s ]
INFO: [ app_end ] --END-- [ RunTime:0.000162s ]

[ 2017-09-01T09:42:21+08:00 ] 127.0.0.1 /index.php?s=/Home/Login/login.html
INFO: [ app_init ] --START--
INFO: Run Behavior\BuildLiteBehavior [ RunTime:0.000022s ]
INFO: [ app_init ] --END-- [ RunTime:0.000164s ]
INFO: [ app_begin ] --START--
INFO: Run Behavior\ReadHtmlCacheBehavior [ RunTime:0.000082s ]
INFO: [ app_begin ] --END-- [ RunTime:0.000163s ]
INFO: [ view_parse ] --START--
INFO: [ template_filter ] --START--
INFO: Run Behavior\ContentReplaceBehavior [ RunTime:0.000085s ]
INFO: [ template_filter ] --END-- [ RunTime:0.000181s ]
NOTIC: [8] Undefined index: type /var/www/html/raptor/raptor/Runtime/Cache/Home/ee86356223dba704f200e76f7125691c.php 第 55 行.
INFO: Run Behavior\ParseTemplateBehavior [ RunTime:0.006857s ]
INFO: [ view_parse ] --END-- [ RunTime:0.006944s ]
INFO: [ view_filter ] --START--
INFO: Run Behavior\WriteHtmlCacheBehavior [ RunTime:0.000095s ]
INFO: [ view_filter ] --END-- [ RunTime:0.000166s ]
INFO: [ app_end ] --START--
INFO: Run Behavior\ShowPageTraceBehavior [ RunTime:0.000074s ]
INFO: [ app_end ] --END-- [ RunTime:0.000146s ]

[ 2017-09-01T09:42:22+08:00 ] 127.0.0.1 /index.php?s=/Home/Login/images/favicon.ico
INFO: [ app_init ] --START--
INFO: Run Behavior\BuildLiteBehavior [ RunTime:0.000022s ]
INFO: [ app_init ] --END-- [ RunTime:0.000148s ]

[ 2017-09-01T09:42:59+08:00 ] 127.0.0.1 /index.php?s=/Home/Login/login_on
INFO: [ app_init ] --START--
INFO: Run Behavior\BuildLiteBehavior [ RunTime:0.000022s ]
INFO: [ app_init ] --END-- [ RunTime:0.000163s ]
INFO: [ app_begin ] --START--
INFO: Run Behavior\ReadHtmlCacheBehavior [ RunTime:0.000076s ]
INFO: [ app_begin ] --END-- [ RunTime:0.000148s ]
SQL: SHOW COLUMNS FROM `obsec_user` [ RunTime:0.0011s ]
SQL: SELECT * FROM `obsec_user` WHERE ( (user_name='kelly' or email='kelly' or phone='kelly') and password='96e79218965eb72c92a549dd5a330112' and switch_type='1' ) LIMIT 1   [ RunTime:0.0005s ]
SQL: UPDATE `obsec_user` SET `session_id`='g6qnqfc8pr6i9p4tvgt7ij5er2' WHERE ( id = '11' ) [ RunTime:0.0055s ]

[ 2017-09-01T09:43:00+08:00 ] 127.0.0.1 /index.php?s=/Home/Scan/scan
INFO: [ app_init ] --START--
INFO: Run Behavior\BuildLiteBehavior [ RunTime:0.000021s ]
INFO: [ app_init ] --END-- [ RunTime:0.000146s ]
INFO: [ app_begin ] --START--
INFO: Run Behavior\ReadHtmlCacheBehavior [ RunTime:0.000067s ]
INFO: [ app_begin ] --END-- [ RunTime:0.000147s ]
SQL: SHOW COLUMNS FROM `obsec_user` [ RunTime:0.0011s ]
SQL: SELECT `session_id` FROM `obsec_user` WHERE ( user_name='kelly' and id='11' ) LIMIT 1   [ RunTime:0.0004s ]
SQL: SHOW COLUMNS FROM `obsec_upload_info` [ RunTime:0.0009s ]
SQL: SHOW COLUMNS FROM `obsec_upload_info` [ RunTime:0.0009s ]
SQL: SELECT COUNT(*) AS tp_count FROM obsec_upload_info as a INNER JOIN obsec_scan_summary as b ON a.id = b.upinfo_id  WHERE ( a.user_id = '11' and b.scan_status = '1' ) LIMIT 1   [ RunTime:0.0006s ]
SQL: SHOW COLUMNS FROM `obsec_upload_info` [ RunTime:0.0009s ]
SQL: SELECT SUM(b.code_line_num) AS tp_sum FROM obsec_upload_info as a INNER JOIN obsec_scan_summary as b ON a.id = b.upinfo_id  WHERE ( user_id = '11' and b.scan_status = '1' ) LIMIT 1   [ RunTime:0.0006s ]
SQL: SHOW COLUMNS FROM `obsec_upload_info` [ RunTime:0.0010s ]
SQL: SELECT SUM(b.leak_num) AS tp_sum FROM obsec_upload_info as a INNER JOIN obsec_scan_summary as b ON a.id = b.upinfo_id  WHERE ( user_id = '11' and b.scan_status = '1' ) LIMIT 1   [ RunTime:0.0006s ]
SQL: SHOW COLUMNS FROM `obsec_upload_info` [ RunTime:0.0009s ]
SQL: SELECT SUM(b.leak_file_num) AS tp_sum FROM obsec_upload_info as a INNER JOIN obsec_scan_summary as b ON a.id = b.upinfo_id  WHERE ( user_id = '11' and b.scan_status = '1' ) LIMIT 1   [ RunTime:0.0006s ]
SQL: SHOW COLUMNS FROM `obsec_upload_info` [ RunTime:0.0010s ]
SQL: SELECT SUM(b.leak_defect_num) AS tp_sum FROM obsec_upload_info as a INNER JOIN obsec_scan_summary as b ON a.id = b.upinfo_id  WHERE ( user_id = '11' and b.scan_status = '1' ) LIMIT 1   [ RunTime:0.0006s ]
INFO: [ view_parse ] --START--
INFO: [ template_filter ] --START--
INFO: Run Behavior\ContentReplaceBehavior [ RunTime:0.000100s ]
INFO: [ template_filter ] --END-- [ RunTime:0.000195s ]
INFO: Run Behavior\ParseTemplateBehavior [ RunTime:0.007996s ]
INFO: [ view_parse ] --END-- [ RunTime:0.008093s ]
INFO: [ view_filter ] --START--
INFO: Run Behavior\WriteHtmlCacheBehavior [ RunTime:0.000092s ]
INFO: [ view_filter ] --END-- [ RunTime:0.000164s ]
INFO: [ app_end ] --START--
INFO: Run Behavior\ShowPageTraceBehavior [ RunTime:0.000086s ]
INFO: [ app_end ] --END-- [ RunTime:0.000164s ]

[ 2017-09-01T09:48:22+08:00 ] 127.0.0.1 /index.php?s=/Home/Scan/scan
INFO: [ app_init ] --START--
INFO: Run Behavior\BuildLiteBehavior [ RunTime:0.000023s ]
INFO: [ app_init ] --END-- [ RunTime:0.000162s ]
INFO: [ app_begin ] --START--
INFO: Run Behavior\ReadHtmlCacheBehavior [ RunTime:0.000080s ]
INFO: [ app_begin ] --END-- [ RunTime:0.000159s ]
SQL: SHOW COLUMNS FROM `obsec_user` [ RunTime:0.0011s ]
SQL: SELECT `session_id` FROM `obsec_user` WHERE ( user_name='kelly' and id='11' ) LIMIT 1   [ RunTime:0.0001s ]
SQL: SHOW COLUMNS FROM `obsec_upload_info` [ RunTime:0.0009s ]
SQL: SHOW COLUMNS FROM `obsec_upload_info` [ RunTime:0.0009s ]
SQL: SELECT COUNT(*) AS tp_count FROM obsec_upload_info as a INNER JOIN obsec_scan_summary as b ON a.id = b.upinfo_id  WHERE ( a.user_id = '11' and b.scan_status = '1' ) LIMIT 1   [ RunTime:0.0001s ]
SQL: SHOW COLUMNS FROM `obsec_upload_info` [ RunTime:0.0009s ]
SQL: SELECT SUM(b.code_line_num) AS tp_sum FROM obsec_upload_info as a INNER JOIN obsec_scan_summary as b ON a.id = b.upinfo_id  WHERE ( user_id = '11' and b.scan_status = '1' ) LIMIT 1   [ RunTime:0.0001s ]
SQL: SHOW COLUMNS FROM `obsec_upload_info` [ RunTime:0.0009s ]
SQL: SELECT SUM(b.leak_num) AS tp_sum FROM obsec_upload_info as a INNER JOIN obsec_scan_summary as b ON a.id = b.upinfo_id  WHERE ( user_id = '11' and b.scan_status = '1' ) LIMIT 1   [ RunTime:0.0001s ]
SQL: SHOW COLUMNS FROM `obsec_upload_info` [ RunTime:0.0009s ]
SQL: SELECT SUM(b.leak_file_num) AS tp_sum FROM obsec_upload_info as a INNER JOIN obsec_scan_summary as b ON a.id = b.upinfo_id  WHERE ( user_id = '11' and b.scan_status = '1' ) LIMIT 1   [ RunTime:0.0001s ]
SQL: SHOW COLUMNS FROM `obsec_upload_info` [ RunTime:0.0009s ]
SQL: SELECT SUM(b.leak_defect_num) AS tp_sum FROM obsec_upload_info as a INNER JOIN obsec_scan_summary as b ON a.id = b.upinfo_id  WHERE ( user_id = '11' and b.scan_status = '1' ) LIMIT 1   [ RunTime:0.0001s ]
INFO: [ view_parse ] --START--
INFO: [ template_filter ] --START--
INFO: Run Behavior\ContentReplaceBehavior [ RunTime:0.000100s ]
INFO: [ template_filter ] --END-- [ RunTime:0.000198s ]
INFO: Run Behavior\ParseTemplateBehavior [ RunTime:0.007988s ]
INFO: [ view_parse ] --END-- [ RunTime:0.008084s ]
INFO: [ view_filter ] --START--
INFO: Run Behavior\WriteHtmlCacheBehavior [ RunTime:0.000092s ]
INFO: [ view_filter ] --END-- [ RunTime:0.000165s ]
INFO: [ app_end ] --START--
INFO: Run Behavior\ShowPageTraceBehavior [ RunTime:0.000084s ]
INFO: [ app_end ] --END-- [ RunTime:0.000160s ]

[ 2017-09-01T10:08:35+08:00 ] 127.0.0.1 /index.php?s=/Home/Analysis/online/info_id/38.html
INFO: [ app_init ] --START--
INFO: Run Behavior\BuildLiteBehavior [ RunTime:0.000022s ]
INFO: [ app_init ] --END-- [ RunTime:0.000161s ]
INFO: [ app_begin ] --START--
INFO: Run Behavior\ReadHtmlCacheBehavior [ RunTime:0.000082s ]
INFO: [ app_begin ] --END-- [ RunTime:0.000164s ]
SQL: SHOW COLUMNS FROM `obsec_user` [ RunTime:0.0011s ]
SQL: SELECT `session_id` FROM `obsec_user` WHERE ( user_name='mao0428' and id='20' ) LIMIT 1   [ RunTime:0.0004s ]
INFO: [ view_parse ] --START--
INFO: [ template_filter ] --START--
INFO: Run Behavior\ContentReplaceBehavior [ RunTime:0.000191s ]
INFO: [ template_filter ] --END-- [ RunTime:0.000286s ]
INFO: Run Behavior\ParseTemplateBehavior [ RunTime:0.010427s ]
INFO: [ view_parse ] --END-- [ RunTime:0.010523s ]
INFO: [ view_filter ] --START--
INFO: Run Behavior\WriteHtmlCacheBehavior [ RunTime:0.000093s ]
INFO: [ view_filter ] --END-- [ RunTime:0.000163s ]
INFO: [ app_end ] --START--
INFO: Run Behavior\ShowPageTraceBehavior [ RunTime:0.000089s ]
INFO: [ app_end ] --END-- [ RunTime:0.000221s ]

[ 2017-09-01T10:08:36+08:00 ] 127.0.0.1 /index.php?s=/Home/Analysis/online_data
INFO: [ app_init ] --START--
INFO: Run Behavior\BuildLiteBehavior [ RunTime:0.000021s ]
INFO: [ app_init ] --END-- [ RunTime:0.000147s ]
INFO: [ app_begin ] --START--
INFO: Run Behavior\ReadHtmlCacheBehavior [ RunTime:0.000072s ]
INFO: [ app_begin ] --END-- [ RunTime:0.000163s ]
SQL: SHOW COLUMNS FROM `obsec_user` [ RunTime:0.0010s ]
SQL: SELECT `session_id` FROM `obsec_user` WHERE ( user_name='mao0428' and id='20' ) LIMIT 1   [ RunTime:0.0001s ]
SQL: SHOW COLUMNS FROM `obsec_upload_info` [ RunTime:0.0009s ]
SQL: SHOW COLUMNS FROM `obsec_upload_info` [ RunTime:0.0009s ]
SQL: SELECT `leak_name` FROM obsec_upload_info AS a INNER JOIN obsec_scan_summary AS b ON a.id = b.upinfo_id INNER JOIN obsec_scan_data AS c ON b.id = c.summary_id  WHERE ( a.id = '38' ) GROUP BY leak_name  [ RunTime:0.0001s ]
SQL: SHOW COLUMNS FROM `obsec_upload_info` [ RunTime:0.0009s ]
SQL: SELECT c.leak_name,c.leak_file_pos,c.leak_line_num,c.leak_sort,c.id,c.leak_sort FROM obsec_upload_info AS a INNER JOIN obsec_scan_summary AS b ON a.id = b.upinfo_id INNER JOIN obsec_scan_data AS c ON b.id = c.summary_id  WHERE ( a.id = '38' and a.user_id = '20'  )  [ RunTime:0.0006s ]
SQL: SHOW COLUMNS FROM `obsec_upload_info` [ RunTime:0.0011s ]
SQL: SELECT `leak_grade`,count(leak_grade) as leak_grade_num FROM obsec_upload_info AS a INNER JOIN obsec_scan_summary AS b ON a.id = b.upinfo_id INNER JOIN obsec_scan_data AS c ON b.id = c.summary_id  WHERE ( a.id = '38' ) GROUP BY leak_grade  [ RunTime:0.0001s ]
NOTIC: [8] Undefined index: grade_con /var/www/html/raptor/raptor/Home/Controller/AnalysisController.class.php 第 279 行.

[ 2017-09-01T10:08:42+08:00 ] 127.0.0.1 /index.php?s=/Home/Analysis/online_data
INFO: [ app_init ] --START--
INFO: Run Behavior\BuildLiteBehavior [ RunTime:0.000022s ]
INFO: [ app_init ] --END-- [ RunTime:0.000164s ]
INFO: [ app_begin ] --START--
INFO: Run Behavior\ReadHtmlCacheBehavior [ RunTime:0.000074s ]
INFO: [ app_begin ] --END-- [ RunTime:0.000147s ]
SQL: SHOW COLUMNS FROM `obsec_user` [ RunTime:0.0011s ]
SQL: SELECT `session_id` FROM `obsec_user` WHERE ( user_name='mao0428' and id='20' ) LIMIT 1   [ RunTime:0.0001s ]
SQL: SHOW COLUMNS FROM `obsec_upload_info` [ RunTime:0.0009s ]
SQL: SHOW COLUMNS FROM `obsec_upload_info` [ RunTime:0.0009s ]
SQL: SELECT `leak_name` FROM obsec_upload_info AS a INNER JOIN obsec_scan_summary AS b ON a.id = b.upinfo_id INNER JOIN obsec_scan_data AS c ON b.id = c.summary_id  WHERE ( a.id = '38' ) GROUP BY leak_name  [ RunTime:0.0001s ]
SQL: SHOW COLUMNS FROM `obsec_upload_info` [ RunTime:0.0009s ]
SQL: SELECT c.leak_name,c.leak_file_pos,c.leak_line_num,c.leak_sort,c.id,c.leak_sort FROM obsec_upload_info AS a INNER JOIN obsec_scan_summary AS b ON a.id = b.upinfo_id INNER JOIN obsec_scan_data AS c ON b.id = c.summary_id  WHERE ( a.id = '38' and a.user_id = '20'  and leak_grade = 3 )  [ RunTime:0.0216s ]
SQL: SHOW COLUMNS FROM `obsec_upload_info` [ RunTime:0.0010s ]
SQL: SELECT `leak_grade`,count(leak_grade) as leak_grade_num FROM obsec_upload_info AS a INNER JOIN obsec_scan_summary AS b ON a.id = b.upinfo_id INNER JOIN obsec_scan_data AS c ON b.id = c.summary_id  WHERE ( a.id = '38' ) GROUP BY leak_grade  [ RunTime:0.0001s ]
NOTIC: [8] Undefined index: grade_con /var/www/html/raptor/raptor/Home/Controller/AnalysisController.class.php 第 279 行.

[ 2017-09-01T10:08:47+08:00 ] 127.0.0.1 /index.php?s=/Home/Analysis/online_right&data_id=24244&info_id=38&xs_view=M0024322&grade_status=3
INFO: [ app_init ] --START--
INFO: Run Behavior\BuildLiteBehavior [ RunTime:0.000023s ]
INFO: [ app_init ] --END-- [ RunTime:0.000164s ]
INFO: [ app_begin ] --START--
INFO: Run Behavior\ReadHtmlCacheBehavior [ RunTime:0.000087s ]
INFO: [ app_begin ] --END-- [ RunTime:0.000170s ]
SQL: SHOW COLUMNS FROM `obsec_user` [ RunTime:0.0011s ]
SQL: SELECT `session_id` FROM `obsec_user` WHERE ( user_name='mao0428' and id='20' ) LIMIT 1   [ RunTime:0.0001s ]
SQL: SHOW COLUMNS FROM `obsec_upload_info` [ RunTime:0.0010s ]
SQL: SHOW COLUMNS FROM `obsec_scan_data` [ RunTime:0.0010s ]
SQL: SELECT `task_name`,`upload_file_name` FROM `obsec_upload_info` WHERE ( id = '38' ) LIMIT 1   [ RunTime:0.0003s ]
SQL: SELECT `leak_file_pos`,`leak_line_num`,`leak_defect_des`,`leak_grade`,`file_type_name`,`code_part`,`leak_audit_res`,`leak_sort` FROM `obsec_scan_data` WHERE ( id = '24244' ) LIMIT 1   [ RunTime:0.0003s ]
NOTIC: [8] Undefined index: leak_modify_sug /var/www/html/raptor/raptor/Home/Controller/AnalysisController.class.php 第 355 行.
INFO: [ view_parse ] --START--
INFO: [ template_filter ] --START--
INFO: Run Behavior\ContentReplaceBehavior [ RunTime:0.000094s ]
INFO: [ template_filter ] --END-- [ RunTime:0.000190s ]
INFO: Run Behavior\ParseTemplateBehavior [ RunTime:0.007898s ]
INFO: [ view_parse ] --END-- [ RunTime:0.007998s ]
INFO: [ view_filter ] --START--
INFO: Run Behavior\WriteHtmlCacheBehavior [ RunTime:0.000145s ]
INFO: [ view_filter ] --END-- [ RunTime:0.000218s ]
INFO: [ app_end ] --START--
INFO: Run Behavior\ShowPageTraceBehavior [ RunTime:0.000094s ]
INFO: [ app_end ] --END-- [ RunTime:0.000175s ]

[ 2017-09-01T10:08:52+08:00 ] 127.0.0.1 /index.php?s=/Home/Analysis/upload_data
INFO: [ app_init ] --START--
INFO: Run Behavior\BuildLiteBehavior [ RunTime:0.000023s ]
INFO: [ app_init ] --END-- [ RunTime:0.000158s ]
INFO: [ app_begin ] --START--
INFO: Run Behavior\ReadHtmlCacheBehavior [ RunTime:0.000072s ]
INFO: [ app_begin ] --END-- [ RunTime:0.000143s ]
SQL: SHOW COLUMNS FROM `obsec_user` [ RunTime:0.0010s ]
SQL: SELECT `session_id` FROM `obsec_user` WHERE ( user_name='mao0428' and id='20' ) LIMIT 1   [ RunTime:0.0001s ]
SQL: SHOW COLUMNS FROM `obsec_scan_data` [ RunTime:0.0010s ]
SQL: UPDATE `obsec_scan_data` SET `leak_grade`='3',`leak_audit_res`='',`leak_sort`='1' WHERE ( id = '24244' ) [ RunTime:0.0057s ]

[ 2017-09-01T10:08:52+08:00 ] 127.0.0.1 /index.php?s=/Home/Analysis/online_data
INFO: [ app_init ] --START--
INFO: Run Behavior\BuildLiteBehavior [ RunTime:0.000023s ]
INFO: [ app_init ] --END-- [ RunTime:0.000150s ]
INFO: [ app_begin ] --START--
INFO: Run Behavior\ReadHtmlCacheBehavior [ RunTime:0.000064s ]
INFO: [ app_begin ] --END-- [ RunTime:0.000134s ]
SQL: SHOW COLUMNS FROM `obsec_user` [ RunTime:0.0010s ]
SQL: SELECT `session_id` FROM `obsec_user` WHERE ( user_name='mao0428' and id='20' ) LIMIT 1   [ RunTime:0.0001s ]
SQL: SHOW COLUMNS FROM `obsec_upload_info` [ RunTime:0.0009s ]
SQL: SHOW COLUMNS FROM `obsec_upload_info` [ RunTime:0.0009s ]
SQL: SELECT `leak_name` FROM obsec_upload_info AS a INNER JOIN obsec_scan_summary AS b ON a.id = b.upinfo_id INNER JOIN obsec_scan_data AS c ON b.id = c.summary_id  WHERE ( a.id = '38' ) GROUP BY leak_name  [ RunTime:0.0273s ]
SQL: SHOW COLUMNS FROM `obsec_upload_info` [ RunTime:0.0010s ]
SQL: SELECT c.leak_name,c.leak_file_pos,c.leak_line_num,c.leak_sort,c.id,c.leak_sort FROM obsec_upload_info AS a INNER JOIN obsec_scan_summary AS b ON a.id = b.upinfo_id INNER JOIN obsec_scan_data AS c ON b.id = c.summary_id  WHERE ( a.id = '38' and a.user_id = '20'  and leak_grade = 3 )  [ RunTime:0.0218s ]
SQL: SHOW COLUMNS FROM `obsec_upload_info` [ RunTime:0.0011s ]
SQL: SELECT `leak_grade`,count(leak_grade) as leak_grade_num FROM obsec_upload_info AS a INNER JOIN obsec_scan_summary AS b ON a.id = b.upinfo_id INNER JOIN obsec_scan_data AS c ON b.id = c.summary_id  WHERE ( a.id = '38' ) GROUP BY leak_grade  [ RunTime:0.0222s ]
NOTIC: [8] Undefined index: grade_con /var/www/html/raptor/raptor/Home/Controller/AnalysisController.class.php 第 279 行.

[ 2017-09-01T10:08:52+08:00 ] 127.0.0.1 /index.php?s=/Home/Analysis/online_right&data_id=24322&info_id=38&xs_view=M0024887&grade_status=3
INFO: [ app_init ] --START--
INFO: Run Behavior\BuildLiteBehavior [ RunTime:0.000022s ]
INFO: [ app_init ] --END-- [ RunTime:0.000146s ]
INFO: [ app_begin ] --START--
INFO: Run Behavior\ReadHtmlCacheBehavior [ RunTime:0.000067s ]
INFO: [ app_begin ] --END-- [ RunTime:0.000145s ]
SQL: SHOW COLUMNS FROM `obsec_user` [ RunTime:0.0010s ]
SQL: SELECT `session_id` FROM `obsec_user` WHERE ( user_name='mao0428' and id='20' ) LIMIT 1   [ RunTime:0.0001s ]
SQL: SHOW COLUMNS FROM `obsec_upload_info` [ RunTime:0.0009s ]
SQL: SHOW COLUMNS FROM `obsec_scan_data` [ RunTime:0.0010s ]
SQL: SELECT `task_name`,`upload_file_name` FROM `obsec_upload_info` WHERE ( id = '38' ) LIMIT 1   [ RunTime:0.0001s ]
SQL: SELECT `leak_file_pos`,`leak_line_num`,`leak_defect_des`,`leak_grade`,`file_type_name`,`code_part`,`leak_audit_res`,`leak_sort` FROM `obsec_scan_data` WHERE ( id = '24322' ) LIMIT 1   [ RunTime:0.0003s ]
NOTIC: [8] Undefined index: leak_modify_sug /var/www/html/raptor/raptor/Home/Controller/AnalysisController.class.php 第 355 行.
INFO: [ view_parse ] --START--
INFO: [ template_filter ] --START--
INFO: Run Behavior\ContentReplaceBehavior [ RunTime:0.000094s ]
INFO: [ template_filter ] --END-- [ RunTime:0.000189s ]
INFO: Run Behavior\ParseTemplateBehavior [ RunTime:0.007848s ]
INFO: [ view_parse ] --END-- [ RunTime:0.007948s ]
INFO: [ view_filter ] --START--
INFO: Run Behavior\WriteHtmlCacheBehavior [ RunTime:0.000116s ]
INFO: [ view_filter ] --END-- [ RunTime:0.000189s ]
INFO: [ app_end ] --START--
INFO: Run Behavior\ShowPageTraceBehavior [ RunTime:0.000098s ]
INFO: [ app_end ] --END-- [ RunTime:0.000207s ]

[ 2017-09-01T10:09:00+08:00 ] 127.0.0.1 /index.php?s=/Home/Index/index.html
INFO: [ app_init ] --START--
INFO: Run Behavior\BuildLiteBehavior [ RunTime:0.000023s ]
INFO: [ app_init ] --END-- [ RunTime:0.000160s ]
INFO: [ app_begin ] --START--
INFO: Run Behavior\ReadHtmlCacheBehavior [ RunTime:0.000081s ]
INFO: [ app_begin ] --END-- [ RunTime:0.000225s ]
INFO: [ view_parse ] --START--
INFO: [ template_filter ] --START--
INFO: Run Behavior\ContentReplaceBehavior [ RunTime:0.000123s ]
INFO: [ template_filter ] --END-- [ RunTime:0.000223s ]
INFO: Run Behavior\ParseTemplateBehavior [ RunTime:0.012561s ]
INFO: [ view_parse ] --END-- [ RunTime:0.012658s ]
INFO: [ view_filter ] --START--
INFO: Run Behavior\WriteHtmlCacheBehavior [ RunTime:0.000098s ]
INFO: [ view_filter ] --END-- [ RunTime:0.000168s ]
INFO: [ app_end ] --START--
INFO: Run Behavior\ShowPageTraceBehavior [ RunTime:0.000081s ]
INFO: [ app_end ] --END-- [ RunTime:0.000158s ]

[ 2017-09-01T10:09:10+08:00 ] 127.0.0.1 /index.php?s=/Home/Index/index.html
INFO: [ app_init ] --START--
INFO: Run Behavior\BuildLiteBehavior [ RunTime:0.000022s ]
INFO: [ app_init ] --END-- [ RunTime:0.000162s ]
INFO: [ app_begin ] --START--
INFO: Run Behavior\ReadHtmlCacheBehavior [ RunTime:0.000087s ]
INFO: [ app_begin ] --END-- [ RunTime:0.000171s ]
INFO: [ view_parse ] --START--
INFO: [ template_filter ] --START--
INFO: Run Behavior\ContentReplaceBehavior [ RunTime:0.000124s ]
INFO: [ template_filter ] --END-- [ RunTime:0.000223s ]
INFO: Run Behavior\ParseTemplateBehavior [ RunTime:0.012515s ]
INFO: [ view_parse ] --END-- [ RunTime:0.012611s ]
INFO: [ view_filter ] --START--
INFO: Run Behavior\WriteHtmlCacheBehavior [ RunTime:0.000096s ]
INFO: [ view_filter ] --END-- [ RunTime:0.000168s ]
INFO: [ app_end ] --START--
INFO: Run Behavior\ShowPageTraceBehavior [ RunTime:0.000083s ]
INFO: [ app_end ] --END-- [ RunTime:0.000160s ]

[ 2017-09-01T10:09:12+08:00 ] 127.0.0.1 /index.php?s=/Home/Index/index.html
INFO: [ app_init ] --START--
INFO: Run Behavior\BuildLiteBehavior [ RunTime:0.000022s ]
INFO: [ app_init ] --END-- [ RunTime:0.000150s ]
INFO: [ app_begin ] --START--
INFO: Run Behavior\ReadHtmlCacheBehavior [ RunTime:0.000068s ]
INFO: [ app_begin ] --END-- [ RunTime:0.000147s ]
INFO: [ view_parse ] --START--
INFO: [ template_filter ] --START--
INFO: Run Behavior\ContentReplaceBehavior [ RunTime:0.000135s ]
INFO: [ template_filter ] --END-- [ RunTime:0.000235s ]
INFO: Run Behavior\ParseTemplateBehavior [ RunTime:0.012432s ]
INFO: [ view_parse ] --END-- [ RunTime:0.012528s ]
INFO: [ view_filter ] --START--
INFO: Run Behavior\WriteHtmlCacheBehavior [ RunTime:0.000081s ]
INFO: [ view_filter ] --END-- [ RunTime:0.000151s ]
INFO: [ app_end ] --START--
INFO: Run Behavior\ShowPageTraceBehavior [ RunTime:0.000071s ]
INFO: [ app_end ] --END-- [ RunTime:0.000149s ]

[ 2017-09-01T10:09:22+08:00 ] 127.0.0.1 /index.php?s=/Home/Index/index.html
INFO: [ app_init ] --START--
INFO: Run Behavior\BuildLiteBehavior [ RunTime:0.000022s ]
INFO: [ app_init ] --END-- [ RunTime:0.000159s ]
INFO: [ app_begin ] --START--
INFO: Run Behavior\ReadHtmlCacheBehavior [ RunTime:0.000079s ]
INFO: [ app_begin ] --END-- [ RunTime:0.000162s ]
INFO: [ view_parse ] --START--
INFO: [ template_filter ] --START--
INFO: Run Behavior\ContentReplaceBehavior [ RunTime:0.000125s ]
INFO: [ template_filter ] --END-- [ RunTime:0.000225s ]
INFO: Run Behavior\ParseTemplateBehavior [ RunTime:0.012417s ]
INFO: [ view_parse ] --END-- [ RunTime:0.012590s ]
INFO: [ view_filter ] --START--
INFO: Run Behavior\WriteHtmlCacheBehavior [ RunTime:0.000091s ]
INFO: [ view_filter ] --END-- [ RunTime:0.000163s ]
INFO: [ app_end ] --START--
INFO: Run Behavior\ShowPageTraceBehavior [ RunTime:0.000079s ]
INFO: [ app_end ] --END-- [ RunTime:0.000157s ]

[ 2017-09-01T10:10:02+08:00 ] 127.0.0.1 /index.php?s=/Home/Index/index.html
INFO: [ app_init ] --START--
INFO: Run Behavior\BuildLiteBehavior [ RunTime:0.000022s ]
INFO: [ app_init ] --END-- [ RunTime:0.000157s ]
INFO: [ app_begin ] --START--
INFO: Run Behavior\ReadHtmlCacheBehavior [ RunTime:0.000077s ]
INFO: [ app_begin ] --END-- [ RunTime:0.000160s ]
INFO: [ view_parse ] --START--
INFO: [ template_filter ] --START--
INFO: Run Behavior\ContentReplaceBehavior [ RunTime:0.000122s ]
INFO: [ template_filter ] --END-- [ RunTime:0.000222s ]
INFO: Run Behavior\ParseTemplateBehavior [ RunTime:0.012402s ]
INFO: [ view_parse ] --END-- [ RunTime:0.012499s ]
INFO: [ view_filter ] --START--
INFO: Run Behavior\WriteHtmlCacheBehavior [ RunTime:0.000088s ]
INFO: [ view_filter ] --END-- [ RunTime:0.000160s ]
INFO: [ app_end ] --START--
INFO: Run Behavior\ShowPageTraceBehavior [ RunTime:0.000080s ]
INFO: [ app_end ] --END-- [ RunTime:0.000157s ]

[ 2017-09-01T10:10:10+08:00 ] 127.0.0.1 /index.php?s=/Home/Index/index.html
INFO: [ app_init ] --START--
INFO: Run Behavior\BuildLiteBehavior [ RunTime:0.000021s ]
INFO: [ app_init ] --END-- [ RunTime:0.000162s ]
INFO: [ app_begin ] --START--
INFO: Run Behavior\ReadHtmlCacheBehavior [ RunTime:0.000083s ]
INFO: [ app_begin ] --END-- [ RunTime:0.000162s ]
INFO: [ view_parse ] --START--
INFO: [ template_filter ] --START--
INFO: Run Behavior\ContentReplaceBehavior [ RunTime:0.000123s ]
INFO: [ template_filter ] --END-- [ RunTime:0.000223s ]
INFO: Run Behavior\ParseTemplateBehavior [ RunTime:0.012534s ]
INFO: [ view_parse ] --END-- [ RunTime:0.012723s ]
INFO: [ view_filter ] --START--
INFO: Run Behavior\WriteHtmlCacheBehavior [ RunTime:0.000097s ]
INFO: [ view_filter ] --END-- [ RunTime:0.000168s ]
INFO: [ app_end ] --START--
INFO: Run Behavior\ShowPageTraceBehavior [ RunTime:0.000086s ]
INFO: [ app_end ] --END-- [ RunTime:0.000165s ]

[ 2017-09-01T10:11:06+08:00 ] 127.0.0.1 /index.php?s=/Home/Index/index.html
INFO: [ app_init ] --START--
INFO: Run Behavior\BuildLiteBehavior [ RunTime:0.000022s ]
INFO: [ app_init ] --END-- [ RunTime:0.000163s ]
INFO: [ app_begin ] --START--
INFO: Run Behavior\ReadHtmlCacheBehavior [ RunTime:0.000081s ]
INFO: [ app_begin ] --END-- [ RunTime:0.000160s ]
INFO: [ view_parse ] --START--
INFO: [ template_filter ] --START--
INFO: Run Behavior\ContentReplaceBehavior [ RunTime:0.000124s ]
INFO: [ template_filter ] --END-- [ RunTime:0.000222s ]
INFO: Run Behavior\ParseTemplateBehavior [ RunTime:0.012505s ]
INFO: [ view_parse ] --END-- [ RunTime:0.012602s ]
INFO: [ view_filter ] --START--
INFO: Run Behavior\WriteHtmlCacheBehavior [ RunTime:0.000094s ]
INFO: [ view_filter ] --END-- [ RunTime:0.000166s ]
INFO: [ app_end ] --START--
INFO: Run Behavior\ShowPageTraceBehavior [ RunTime:0.000086s ]
INFO: [ app_end ] --END-- [ RunTime:0.000166s ]

