[ 2017-08-24T09:30:31+08:00 ] 127.0.0.1 /index.php?s=/favicon.ico
INFO: [ app_init ] --START--
INFO: Run Behavior\BuildLiteBehavior [ RunTime:0.000020s ]
INFO: [ app_init ] --END-- [ RunTime:0.000190s ]
ERR: 无法加载模块:Favicon

[ 2017-08-24T10:22:10+08:00 ] 127.0.0.1 /index.php?s=/images/files.png
INFO: [ app_init ] --START--
INFO: Run Behavior\BuildLiteBehavior [ RunTime:0.000011s ]
INFO: [ app_init ] --END-- [ RunTime:0.000072s ]
ERR: 无法加载模块:Images

[ 2017-08-24T10:22:14+08:00 ] 127.0.0.1 /index.php?s=/images/files.png
INFO: [ app_init ] --START--
INFO: Run Behavior\BuildLiteBehavior [ RunTime:0.000007s ]
INFO: [ app_init ] --END-- [ RunTime:0.000046s ]
ERR: 无法加载模块:Images

[ 2017-08-24T10:22:17+08:00 ] 127.0.0.1 /index.php?s=/images/files.png
INFO: [ app_init ] --START--
INFO: Run Behavior\BuildLiteBehavior [ RunTime:0.000007s ]
INFO: [ app_init ] --END-- [ RunTime:0.000047s ]
ERR: 无法加载模块:Images

[ 2017-08-24T10:22:22+08:00 ] 127.0.0.1 /index.php?s=/images/files.png
INFO: [ app_init ] --START--
INFO: Run Behavior\BuildLiteBehavior [ RunTime:0.000011s ]
INFO: [ app_init ] --END-- [ RunTime:0.000066s ]
ERR: 无法加载模块:Images

[ 2017-08-24T10:22:29+08:00 ] 127.0.0.1 /index.php?s=/images/files.png
INFO: [ app_init ] --START--
INFO: Run Behavior\BuildLiteBehavior [ RunTime:0.000010s ]
INFO: [ app_init ] --END-- [ RunTime:0.000073s ]
ERR: 无法加载模块:Images

[ 2017-08-24T10:25:12+08:00 ] 127.0.0.1 /index.php?s=/images/files.png
INFO: [ app_init ] --START--
INFO: Run Behavior\BuildLiteBehavior [ RunTime:0.000007s ]
INFO: [ app_init ] --END-- [ RunTime:0.000046s ]
ERR: 无法加载模块:Images

[ 2017-08-24T11:23:38+08:00 ] 127.0.0.1 /index.php?s=/images/files.png
INFO: [ app_init ] --START--
INFO: Run Behavior\BuildLiteBehavior [ RunTime:0.000007s ]
INFO: [ app_init ] --END-- [ RunTime:0.000074s ]
ERR: 无法加载模块:Images

[ 2017-08-24T11:24:57+08:00 ] 127.0.0.1 /index.php?s=/images/checked.png
INFO: [ app_init ] --START--
INFO: Run Behavior\BuildLiteBehavior [ RunTime:0.000008s ]
INFO: [ app_init ] --END-- [ RunTime:0.000094s ]
ERR: 无法加载模块:Images

[ 2017-08-24T11:24:57+08:00 ] 127.0.0.1 /index.php?s=/images/files.png
INFO: [ app_init ] --START--
INFO: Run Behavior\BuildLiteBehavior [ RunTime:0.000008s ]
INFO: [ app_init ] --END-- [ RunTime:0.000069s ]
ERR: 无法加载模块:Images

[ 2017-08-24T14:10:40+08:00 ] 127.0.0.1 /index.php?s=/images/files.png
INFO: [ app_init ] --START--
INFO: Run Behavior\BuildLiteBehavior [ RunTime:0.000006s ]
INFO: [ app_init ] --END-- [ RunTime:0.000044s ]
ERR: 无法加载模块:Images

[ 2017-08-24T14:10:54+08:00 ] 127.0.0.1 /index.php?s=/images/files.png
INFO: [ app_init ] --START--
INFO: Run Behavior\BuildLiteBehavior [ RunTime:0.000007s ]
INFO: [ app_init ] --END-- [ RunTime:0.000049s ]
ERR: 无法加载模块:Images

[ 2017-08-24T14:10:54+08:00 ] 127.0.0.1 /index.php?s=/images/checked.png
INFO: [ app_init ] --START--
INFO: Run Behavior\BuildLiteBehavior [ RunTime:0.000007s ]
INFO: [ app_init ] --END-- [ RunTime:0.000045s ]
ERR: 无法加载模块:Images

[ 2017-08-24T14:10:57+08:00 ] 127.0.0.1 /index.php?s=/images/del.png
INFO: [ app_init ] --START--
INFO: Run Behavior\BuildLiteBehavior [ RunTime:0.000007s ]
INFO: [ app_init ] --END-- [ RunTime:0.000049s ]
ERR: 无法加载模块:Images

[ 2017-08-24T14:40:22+08:00 ] 127.0.0.1 /index.php?s=/favicon.ico
INFO: [ app_init ] --START--
INFO: Run Behavior\BuildLiteBehavior [ RunTime:0.000011s ]
INFO: [ app_init ] --END-- [ RunTime:0.000117s ]
ERR: 无法加载模块:Favicon

[ 2017-08-24T14:40:39+08:00 ] 127.0.0.1 /index.php?s=/images/files.png
INFO: [ app_init ] --START--
INFO: Run Behavior\BuildLiteBehavior [ RunTime:0.000008s ]
INFO: [ app_init ] --END-- [ RunTime:0.000054s ]
ERR: 无法加载模块:Images

[ 2017-08-24T14:50:14+08:00 ] 127.0.0.1 /index.php?s=/images/files.png
INFO: [ app_init ] --START--
INFO: Run Behavior\BuildLiteBehavior [ RunTime:0.000063s ]
INFO: [ app_init ] --END-- [ RunTime:0.000536s ]
ERR: 无法加载模块:Images

[ 2017-08-24T14:50:14+08:00 ] 127.0.0.1 /index.php?s=/images/checked.png
INFO: [ app_init ] --START--
INFO: Run Behavior\BuildLiteBehavior [ RunTime:0.000007s ]
INFO: [ app_init ] --END-- [ RunTime:0.000046s ]
ERR: 无法加载模块:Images

[ 2017-08-24T14:50:27+08:00 ] 127.0.0.1 /index.php?s=/images/del.png
INFO: [ app_init ] --START--
INFO: Run Behavior\BuildLiteBehavior [ RunTime:0.000008s ]
INFO: [ app_init ] --END-- [ RunTime:0.000055s ]
ERR: 无法加载模块:Images

[ 2017-08-24T14:58:10+08:00 ] 127.0.0.1 /index.php?s=/images/files.png
INFO: [ app_init ] --START--
INFO: Run Behavior\BuildLiteBehavior [ RunTime:0.000007s ]
INFO: [ app_init ] --END-- [ RunTime:0.000050s ]
ERR: 无法加载模块:Images

[ 2017-08-24T14:58:12+08:00 ] 127.0.0.1 /index.php?s=/images/files.png
INFO: [ app_init ] --START--
INFO: Run Behavior\BuildLiteBehavior [ RunTime:0.000014s ]
INFO: [ app_init ] --END-- [ RunTime:0.000096s ]
ERR: 无法加载模块:Images

[ 2017-08-24T14:58:12+08:00 ] 127.0.0.1 /index.php?s=/images/checked.png
INFO: [ app_init ] --START--
INFO: Run Behavior\BuildLiteBehavior [ RunTime:0.000013s ]
INFO: [ app_init ] --END-- [ RunTime:0.000083s ]
ERR: 无法加载模块:Images

[ 2017-08-24T14:58:14+08:00 ] 127.0.0.1 /index.php?s=/images/del.png
INFO: [ app_init ] --START--
INFO: Run Behavior\BuildLiteBehavior [ RunTime:0.000027s ]
INFO: [ app_init ] --END-- [ RunTime:0.000391s ]
ERR: 无法加载模块:Images

[ 2017-08-24T14:58:22+08:00 ] 127.0.0.1 /index.php?s=/images/files.png
INFO: [ app_init ] --START--
INFO: Run Behavior\BuildLiteBehavior [ RunTime:0.000007s ]
INFO: [ app_init ] --END-- [ RunTime:0.000048s ]
ERR: 无法加载模块:Images

[ 2017-08-24T14:58:24+08:00 ] 127.0.0.1 /index.php?s=/images/files.png
INFO: [ app_init ] --START--
INFO: Run Behavior\BuildLiteBehavior [ RunTime:0.000016s ]
INFO: [ app_init ] --END-- [ RunTime:0.000096s ]
ERR: 无法加载模块:Images

[ 2017-08-24T14:58:25+08:00 ] 127.0.0.1 /index.php?s=/images/files.png
INFO: [ app_init ] --START--
INFO: Run Behavior\BuildLiteBehavior [ RunTime:0.000008s ]
INFO: [ app_init ] --END-- [ RunTime:0.000054s ]
ERR: 无法加载模块:Images

[ 2017-08-24T14:58:26+08:00 ] 127.0.0.1 /index.php?s=/images/files.png
INFO: [ app_init ] --START--
INFO: Run Behavior\BuildLiteBehavior [ RunTime:0.000011s ]
INFO: [ app_init ] --END-- [ RunTime:0.000145s ]
ERR: 无法加载模块:Images

[ 2017-08-24T14:58:27+08:00 ] 127.0.0.1 /index.php?s=/images/files.png
INFO: [ app_init ] --START--
INFO: Run Behavior\BuildLiteBehavior [ RunTime:0.000012s ]
INFO: [ app_init ] --END-- [ RunTime:0.000075s ]
ERR: 无法加载模块:Images

[ 2017-08-24T14:58:29+08:00 ] 127.0.0.1 /index.php?s=/images/files.png
INFO: [ app_init ] --START--
INFO: Run Behavior\BuildLiteBehavior [ RunTime:0.000008s ]
INFO: [ app_init ] --END-- [ RunTime:0.000049s ]
ERR: 无法加载模块:Images

[ 2017-08-24T14:58:33+08:00 ] 127.0.0.1 /index.php?s=/images/files.png
INFO: [ app_init ] --START--
INFO: Run Behavior\BuildLiteBehavior [ RunTime:0.000008s ]
INFO: [ app_init ] --END-- [ RunTime:0.000052s ]
ERR: 无法加载模块:Images

[ 2017-08-24T14:58:33+08:00 ] 127.0.0.1 /index.php?s=/images/checked.png
INFO: [ app_init ] --START--
INFO: Run Behavior\BuildLiteBehavior [ RunTime:0.000008s ]
INFO: [ app_init ] --END-- [ RunTime:0.000046s ]
ERR: 无法加载模块:Images

[ 2017-08-24T14:58:35+08:00 ] 127.0.0.1 /index.php?s=/images/del.png
INFO: [ app_init ] --START--
INFO: Run Behavior\BuildLiteBehavior [ RunTime:0.000015s ]
INFO: [ app_init ] --END-- [ RunTime:0.000099s ]
ERR: 无法加载模块:Images

[ 2017-08-24T14:58:37+08:00 ] 127.0.0.1 /index.php?s=/images/files.png
INFO: [ app_init ] --START--
INFO: Run Behavior\BuildLiteBehavior [ RunTime:0.000007s ]
INFO: [ app_init ] --END-- [ RunTime:0.000048s ]
ERR: 无法加载模块:Images

[ 2017-08-24T14:58:40+08:00 ] 127.0.0.1 /index.php?s=/images/files.png
INFO: [ app_init ] --START--
INFO: Run Behavior\BuildLiteBehavior [ RunTime:0.000008s ]
INFO: [ app_init ] --END-- [ RunTime:0.000051s ]
ERR: 无法加载模块:Images

[ 2017-08-24T14:58:40+08:00 ] 127.0.0.1 /index.php?s=/images/checked.png
INFO: [ app_init ] --START--
INFO: Run Behavior\BuildLiteBehavior [ RunTime:0.000007s ]
INFO: [ app_init ] --END-- [ RunTime:0.000048s ]
ERR: 无法加载模块:Images

[ 2017-08-24T14:58:41+08:00 ] 127.0.0.1 /index.php?s=/images/del.png
INFO: [ app_init ] --START--
INFO: Run Behavior\BuildLiteBehavior [ RunTime:0.000011s ]
INFO: [ app_init ] --END-- [ RunTime:0.000075s ]
ERR: 无法加载模块:Images

[ 2017-08-24T14:58:50+08:00 ] 127.0.0.1 /index.php?s=/images/files.png
INFO: [ app_init ] --START--
INFO: Run Behavior\BuildLiteBehavior [ RunTime:0.000012s ]
INFO: [ app_init ] --END-- [ RunTime:0.000085s ]
ERR: 无法加载模块:Images

[ 2017-08-24T14:59:21+08:00 ] 127.0.0.1 /index.php?s=/images/files.png
INFO: [ app_init ] --START--
INFO: Run Behavior\BuildLiteBehavior [ RunTime:0.000039s ]
INFO: [ app_init ] --END-- [ RunTime:0.000225s ]
ERR: 无法加载模块:Images

[ 2017-08-24T14:59:21+08:00 ] 127.0.0.1 /index.php?s=/images/files.png
INFO: [ app_init ] --START--
INFO: Run Behavior\BuildLiteBehavior [ RunTime:0.000014s ]
INFO: [ app_init ] --END-- [ RunTime:0.000096s ]
ERR: 无法加载模块:Images

[ 2017-08-24T14:59:21+08:00 ] 127.0.0.1 /index.php?s=/images/files.png
INFO: [ app_init ] --START--
INFO: Run Behavior\BuildLiteBehavior [ RunTime:0.000011s ]
INFO: [ app_init ] --END-- [ RunTime:0.000072s ]
ERR: 无法加载模块:Images

[ 2017-08-24T15:00:51+08:00 ] 127.0.0.1 /index.php?s=/images/files.png
INFO: [ app_init ] --START--
INFO: Run Behavior\BuildLiteBehavior [ RunTime:0.000010s ]
INFO: [ app_init ] --END-- [ RunTime:0.000082s ]
ERR: 无法加载模块:Images

[ 2017-08-24T15:00:51+08:00 ] 127.0.0.1 /index.php?s=/images/checked.png
INFO: [ app_init ] --START--
INFO: Run Behavior\BuildLiteBehavior [ RunTime:0.000010s ]
INFO: [ app_init ] --END-- [ RunTime:0.000063s ]
ERR: 无法加载模块:Images

[ 2017-08-24T15:00:52+08:00 ] 127.0.0.1 /index.php?s=/images/del.png
INFO: [ app_init ] --START--
INFO: Run Behavior\BuildLiteBehavior [ RunTime:0.000013s ]
INFO: [ app_init ] --END-- [ RunTime:0.000088s ]
ERR: 无法加载模块:Images

[ 2017-08-24T15:03:47+08:00 ] 127.0.0.1 /index.php?s=/images/del.png
INFO: [ app_init ] --START--
INFO: Run Behavior\BuildLiteBehavior [ RunTime:0.000023s ]
INFO: [ app_init ] --END-- [ RunTime:0.001153s ]
ERR: 无法加载模块:Images

[ 2017-08-24T15:55:09+08:00 ] 127.0.0.1 /index.php?s=/images/favicon.ico
INFO: [ app_init ] --START--
INFO: Run Behavior\BuildLiteBehavior [ RunTime:0.000017s ]
INFO: [ app_init ] --END-- [ RunTime:0.000176s ]
ERR: 无法加载模块:Images

[ 2017-08-24T18:46:56+08:00 ] 127.0.0.1 /index.php?s=/images/radio.png
INFO: [ app_init ] --START--
INFO: Run Behavior\BuildLiteBehavior [ RunTime:0.000007s ]
INFO: [ app_init ] --END-- [ RunTime:0.000048s ]
ERR: 无法加载模块:Images

[ 2017-08-24T19:53:21+08:00 ] 127.0.0.1 /index.php?s=/images/radio.png
INFO: [ app_init ] --START--
INFO: Run Behavior\BuildLiteBehavior [ RunTime:0.000006s ]
INFO: [ app_init ] --END-- [ RunTime:0.000050s ]
ERR: 无法加载模块:Images

[ 2017-08-24T19:57:12+08:00 ] 127.0.0.1 /index.php?s=/images/radio.png
INFO: [ app_init ] --START--
INFO: Run Behavior\BuildLiteBehavior [ RunTime:0.000007s ]
INFO: [ app_init ] --END-- [ RunTime:0.000050s ]
ERR: 无法加载模块:Images

[ 2017-08-24T19:57:44+08:00 ] 127.0.0.1 /index.php?s=/images/radio.png
INFO: [ app_init ] --START--
INFO: Run Behavior\BuildLiteBehavior [ RunTime:0.000007s ]
INFO: [ app_init ] --END-- [ RunTime:0.000049s ]
ERR: 无法加载模块:Images

[ 2017-08-24T20:14:58+08:00 ] 127.0.0.1 /index.php?s=/images/radio.png
INFO: [ app_init ] --START--
INFO: Run Behavior\BuildLiteBehavior [ RunTime:0.000011s ]
INFO: [ app_init ] --END-- [ RunTime:0.000254s ]
ERR: 无法加载模块:Images

[ 2017-08-24T20:15:18+08:00 ] 127.0.0.1 /index.php?s=/images/radio.png
INFO: [ app_init ] --START--
INFO: Run Behavior\BuildLiteBehavior [ RunTime:0.000230s ]
INFO: [ app_init ] --END-- [ RunTime:0.000318s ]
ERR: 无法加载模块:Images

[ 2017-08-24T20:18:46+08:00 ] 127.0.0.1 /index.php?s=/images/radio.png
INFO: [ app_init ] --START--
INFO: Run Behavior\BuildLiteBehavior [ RunTime:0.000013s ]
INFO: [ app_init ] --END-- [ RunTime:0.000169s ]
ERR: 无法加载模块:Images

[ 2017-08-24T20:27:09+08:00 ] 127.0.0.1 /index.php?s=/images/radio.png
INFO: [ app_init ] --START--
INFO: Run Behavior\BuildLiteBehavior [ RunTime:0.000007s ]
INFO: [ app_init ] --END-- [ RunTime:0.000046s ]
ERR: 无法加载模块:Images

[ 2017-08-24T20:37:10+08:00 ] 127.0.0.1 /index.php?s=/images/radio.png
INFO: [ app_init ] --START--
INFO: Run Behavior\BuildLiteBehavior [ RunTime:0.000009s ]
INFO: [ app_init ] --END-- [ RunTime:0.000087s ]
ERR: 无法加载模块:Images

[ 2017-08-24T20:46:20+08:00 ] 127.0.0.1 /index.php?s=/images/radio.png
INFO: [ app_init ] --START--
INFO: Run Behavior\BuildLiteBehavior [ RunTime:0.000012s ]
INFO: [ app_init ] --END-- [ RunTime:0.000348s ]
ERR: 无法加载模块:Images

[ 2017-08-24T20:47:45+08:00 ] 127.0.0.1 /index.php?s=/images/radio.png
INFO: [ app_init ] --START--
INFO: Run Behavior\BuildLiteBehavior [ RunTime:0.000013s ]
INFO: [ app_init ] --END-- [ RunTime:0.000146s ]
ERR: 无法加载模块:Images

[ 2017-08-24T20:51:40+08:00 ] 127.0.0.1 /index.php?s=/images/radio.png
INFO: [ app_init ] --START--
INFO: Run Behavior\BuildLiteBehavior [ RunTime:0.000007s ]
INFO: [ app_init ] --END-- [ RunTime:0.000050s ]
ERR: 无法加载模块:Images

[ 2017-08-24T20:53:30+08:00 ] 127.0.0.1 /index.php?s=/images/radio.png
INFO: [ app_init ] --START--
INFO: Run Behavior\BuildLiteBehavior [ RunTime:0.000009s ]
INFO: [ app_init ] --END-- [ RunTime:0.000122s ]
ERR: 无法加载模块:Images

[ 2017-08-24T21:12:29+08:00 ] 127.0.0.1 /index.php?s=/images/radio.png
INFO: [ app_init ] --START--
INFO: Run Behavior\BuildLiteBehavior [ RunTime:0.000007s ]
INFO: [ app_init ] --END-- [ RunTime:0.000053s ]
ERR: 无法加载模块:Images

[ 2017-08-24T21:13:22+08:00 ] 127.0.0.1 /index.php?s=/images/radio.png
INFO: [ app_init ] --START--
INFO: Run Behavior\BuildLiteBehavior [ RunTime:0.000007s ]
INFO: [ app_init ] --END-- [ RunTime:0.000045s ]
ERR: 无法加载模块:Images

[ 2017-08-24T21:51:36+08:00 ] 127.0.0.1 /index.php?s=/images/radio.png
INFO: [ app_init ] --START--
INFO: Run Behavior\BuildLiteBehavior [ RunTime:0.000011s ]
INFO: [ app_init ] --END-- [ RunTime:0.000079s ]
ERR: 无法加载模块:Images

