[ 2017-08-04T09:28:51+08:00 ] 127.0.0.1 /index.php?s=/images/markes.png
INFO: [ app_init ] --START--
INFO: Run Behavior\BuildLiteBehavior [ RunTime:0.000035s ]
INFO: [ app_init ] --END-- [ RunTime:0.000801s ]
ERR: 无法加载模块:Images

[ 2017-08-04T09:28:52+08:00 ] 127.0.0.1 /index.php?s=/images/favicon.ico
INFO: [ app_init ] --START--
INFO: Run Behavior\BuildLiteBehavior [ RunTime:0.000026s ]
INFO: [ app_init ] --END-- [ RunTime:0.000917s ]
ERR: 无法加载模块:Images

[ 2017-08-04T09:47:58+08:00 ] 127.0.0.1 /index.php?s=/favicon.ico
INFO: [ app_init ] --START--
INFO: Run Behavior\BuildLiteBehavior [ RunTime:0.000013s ]
INFO: [ app_init ] --END-- [ RunTime:0.000182s ]
ERR: 无法加载模块:Favicon

[ 2017-08-04T10:23:12+08:00 ] 127.0.0.1 /index.php?s=/images/markes.png
INFO: [ app_init ] --START--
INFO: Run Behavior\BuildLiteBehavior [ RunTime:0.000009s ]
INFO: [ app_init ] --END-- [ RunTime:0.000115s ]
ERR: 无法加载模块:Images

[ 2017-08-04T10:23:16+08:00 ] 127.0.0.1 /index.php?s=/images/markes.png
INFO: [ app_init ] --START--
INFO: Run Behavior\BuildLiteBehavior [ RunTime:0.000016s ]
INFO: [ app_init ] --END-- [ RunTime:0.000200s ]
ERR: 无法加载模块:Images

[ 2017-08-04T10:23:29+08:00 ] 127.0.0.1 /index.php?s=/images/markes.png
INFO: [ app_init ] --START--
INFO: Run Behavior\BuildLiteBehavior [ RunTime:0.000014s ]
INFO: [ app_init ] --END-- [ RunTime:0.000139s ]
ERR: 无法加载模块:Images

[ 2017-08-04T10:24:09+08:00 ] 127.0.0.1 /index.php?s=/favicon.ico
INFO: [ app_init ] --START--
INFO: Run Behavior\BuildLiteBehavior [ RunTime:0.000013s ]
INFO: [ app_init ] --END-- [ RunTime:0.000122s ]
ERR: 无法加载模块:Favicon

[ 2017-08-04T10:24:17+08:00 ] 127.0.0.1 /index.php?s=/images/markes.png
INFO: [ app_init ] --START--
INFO: Run Behavior\BuildLiteBehavior [ RunTime:0.000038s ]
INFO: [ app_init ] --END-- [ RunTime:0.000079s ]
ERR: 无法加载模块:Images

[ 2017-08-04T10:24:41+08:00 ] 127.0.0.1 /index.php?s=/images/markes.png
INFO: [ app_init ] --START--
INFO: Run Behavior\BuildLiteBehavior [ RunTime:0.000019s ]
INFO: [ app_init ] --END-- [ RunTime:0.000495s ]
ERR: 无法加载模块:Images

[ 2017-08-04T10:31:13+08:00 ] 127.0.0.1 /index.php?s=/images/use.png
INFO: [ app_init ] --START--
INFO: Run Behavior\BuildLiteBehavior [ RunTime:0.000014s ]
INFO: [ app_init ] --END-- [ RunTime:0.000227s ]
ERR: 无法加载模块:Images

[ 2017-08-04T10:41:59+08:00 ] 127.0.0.1 /index.php?s=/Logout/logout
INFO: [ app_init ] --START--
INFO: Run Behavior\BuildLiteBehavior [ RunTime:0.000012s ]
INFO: [ app_init ] --END-- [ RunTime:0.000090s ]
ERR: 无法加载模块:Logout

[ 2017-08-04T10:42:23+08:00 ] 127.0.0.1 /index.php?s=/Logout/logout
INFO: [ app_init ] --START--
INFO: Run Behavior\BuildLiteBehavior [ RunTime:0.000015s ]
INFO: [ app_init ] --END-- [ RunTime:0.000236s ]
ERR: 无法加载模块:Logout

[ 2017-08-04T11:03:19+08:00 ] 127.0.0.1 /index.php?s=/Index/index
INFO: [ app_init ] --START--
INFO: Run Behavior\BuildLiteBehavior [ RunTime:0.000011s ]
INFO: [ app_init ] --END-- [ RunTime:0.000253s ]
ERR: 无法加载模块:Index

[ 2017-08-04T11:06:29+08:00 ] 127.0.0.1 /index.php?s=/images/use.png
INFO: [ app_init ] --START--
INFO: Run Behavior\BuildLiteBehavior [ RunTime:0.000015s ]
INFO: [ app_init ] --END-- [ RunTime:0.000105s ]
ERR: 无法加载模块:Images

[ 2017-08-04T11:12:12+08:00 ] 127.0.0.1 /index.php?s=/images/use.png
INFO: [ app_init ] --START--
INFO: Run Behavior\BuildLiteBehavior [ RunTime:0.000006s ]
INFO: [ app_init ] --END-- [ RunTime:0.000045s ]
ERR: 无法加载模块:Images

[ 2017-08-04T11:13:50+08:00 ] 127.0.0.1 /index.php?s=/images/use.png
INFO: [ app_init ] --START--
INFO: Run Behavior\BuildLiteBehavior [ RunTime:0.000012s ]
INFO: [ app_init ] --END-- [ RunTime:0.000146s ]
ERR: 无法加载模块:Images

[ 2017-08-04T11:19:28+08:00 ] 127.0.0.1 /index.php?s=/images/use.png
INFO: [ app_init ] --START--
INFO: Run Behavior\BuildLiteBehavior [ RunTime:0.000011s ]
INFO: [ app_init ] --END-- [ RunTime:0.000119s ]
ERR: 无法加载模块:Images

[ 2017-08-04T15:05:21+08:00 ] 127.0.0.1 /index.php?s=/favicon.ico
INFO: [ app_init ] --START--
INFO: Run Behavior\BuildLiteBehavior [ RunTime:0.000008s ]
INFO: [ app_init ] --END-- [ RunTime:0.000059s ]
ERR: 无法加载模块:Favicon

[ 2017-08-04T15:05:29+08:00 ] 127.0.0.1 /index.php?s=/images/markes.png
INFO: [ app_init ] --START--
INFO: Run Behavior\BuildLiteBehavior [ RunTime:0.000007s ]
INFO: [ app_init ] --END-- [ RunTime:0.000073s ]
ERR: 无法加载模块:Images

[ 2017-08-04T15:05:29+08:00 ] 127.0.0.1 /index.php?s=/images/favicon.ico
INFO: [ app_init ] --START--
INFO: Run Behavior\BuildLiteBehavior [ RunTime:0.000007s ]
INFO: [ app_init ] --END-- [ RunTime:0.000046s ]
ERR: 无法加载模块:Images

[ 2017-08-04T15:07:56+08:00 ] 127.0.0.1 /index.php?s=/favicon.ico
INFO: [ app_init ] --START--
INFO: Run Behavior\BuildLiteBehavior [ RunTime:0.000012s ]
INFO: [ app_init ] --END-- [ RunTime:0.001580s ]
ERR: 无法加载模块:Favicon

[ 2017-08-04T15:07:56+08:00 ] 127.0.0.1 /index.php?s=/Login/login.html
INFO: [ app_init ] --START--
INFO: Run Behavior\BuildLiteBehavior [ RunTime:0.000009s ]
INFO: [ app_init ] --END-- [ RunTime:0.000061s ]
ERR: 无法加载模块:Login

[ 2017-08-04T15:13:19+08:00 ] 127.0.0.1 /index.php?s=/images/use.png
INFO: [ app_init ] --START--
INFO: Run Behavior\BuildLiteBehavior [ RunTime:0.000009s ]
INFO: [ app_init ] --END-- [ RunTime:0.000097s ]
ERR: 无法加载模块:Images

[ 2017-08-04T15:23:59+08:00 ] 127.0.0.1 /index.php?s=/images/use.png
INFO: [ app_init ] --START--
INFO: Run Behavior\BuildLiteBehavior [ RunTime:0.000014s ]
INFO: [ app_init ] --END-- [ RunTime:0.000091s ]
ERR: 无法加载模块:Images

[ 2017-08-04T15:24:03+08:00 ] 127.0.0.1 /index.php?s=/images/use.png
INFO: [ app_init ] --START--
INFO: Run Behavior\BuildLiteBehavior [ RunTime:0.000011s ]
INFO: [ app_init ] --END-- [ RunTime:0.000074s ]
ERR: 无法加载模块:Images

[ 2017-08-04T15:29:14+08:00 ] 127.0.0.1 /index.php?s=/images/use.png
INFO: [ app_init ] --START--
INFO: Run Behavior\BuildLiteBehavior [ RunTime:0.000008s ]
INFO: [ app_init ] --END-- [ RunTime:0.000061s ]
ERR: 无法加载模块:Images

[ 2017-08-04T15:29:51+08:00 ] 127.0.0.1 /index.php?s=/images/use.png
INFO: [ app_init ] --START--
INFO: Run Behavior\BuildLiteBehavior [ RunTime:0.000010s ]
INFO: [ app_init ] --END-- [ RunTime:0.000064s ]
ERR: 无法加载模块:Images

[ 2017-08-04T15:31:31+08:00 ] 127.0.0.1 /index.php?s=/images/use.png
INFO: [ app_init ] --START--
INFO: Run Behavior\BuildLiteBehavior [ RunTime:0.000013s ]
INFO: [ app_init ] --END-- [ RunTime:0.000082s ]
ERR: 无法加载模块:Images

[ 2017-08-04T15:44:30+08:00 ] 127.0.0.1 /index.php?s=/images/use.png
INFO: [ app_init ] --START--
INFO: Run Behavior\BuildLiteBehavior [ RunTime:0.000014s ]
INFO: [ app_init ] --END-- [ RunTime:0.000090s ]
ERR: 无法加载模块:Images

[ 2017-08-04T15:46:59+08:00 ] 127.0.0.1 /index.php?s=/images/use.png
INFO: [ app_init ] --START--
INFO: Run Behavior\BuildLiteBehavior [ RunTime:0.000010s ]
INFO: [ app_init ] --END-- [ RunTime:0.000076s ]
ERR: 无法加载模块:Images

[ 2017-08-04T15:48:15+08:00 ] 127.0.0.1 /index.php?s=/images/use.png
INFO: [ app_init ] --START--
INFO: Run Behavior\BuildLiteBehavior [ RunTime:0.000013s ]
INFO: [ app_init ] --END-- [ RunTime:0.000076s ]
ERR: 无法加载模块:Images

[ 2017-08-04T15:48:39+08:00 ] 127.0.0.1 /index.php?s=/images/use.png
INFO: [ app_init ] --START--
INFO: Run Behavior\BuildLiteBehavior [ RunTime:0.000015s ]
INFO: [ app_init ] --END-- [ RunTime:0.000103s ]
ERR: 无法加载模块:Images

[ 2017-08-04T15:48:54+08:00 ] 127.0.0.1 /index.php?s=/images/use.png
INFO: [ app_init ] --START--
INFO: Run Behavior\BuildLiteBehavior [ RunTime:0.000009s ]
INFO: [ app_init ] --END-- [ RunTime:0.000062s ]
ERR: 无法加载模块:Images

[ 2017-08-04T15:49:09+08:00 ] 127.0.0.1 /index.php?s=/images/use.png
INFO: [ app_init ] --START--
INFO: Run Behavior\BuildLiteBehavior [ RunTime:0.000018s ]
INFO: [ app_init ] --END-- [ RunTime:0.000523s ]
ERR: 无法加载模块:Images

