[ 2017-08-22T14:38:22+08:00 ] 127.0.0.1 /index.php?s=/Admin
INFO: [ app_init ] --START--
INFO: Run Behavior\BuildLiteBehavior [ RunTime:0.000008s ]
INFO: [ app_init ] --END-- [ RunTime:0.000110s ]
INFO: [ app_begin ] --START--
INFO: Run Behavior\ReadHtmlCacheBehavior [ RunTime:0.000038s ]
INFO: [ app_begin ] --END-- [ RunTime:0.000073s ]

[ 2017-08-22T14:38:22+08:00 ] 127.0.0.1 /index.php?s=/Admin/Login/login.html
INFO: [ app_init ] --START--
INFO: Run Behavior\BuildLiteBehavior [ RunTime:0.000007s ]
INFO: [ app_init ] --END-- [ RunTime:0.000044s ]
INFO: [ app_begin ] --START--
INFO: Run Behavior\ReadHtmlCacheBehavior [ RunTime:0.000019s ]
INFO: [ app_begin ] --END-- [ RunTime:0.000037s ]
INFO: [ view_parse ] --START--
INFO: [ template_filter ] --START--
INFO: Run Behavior\ContentReplaceBehavior [ RunTime:0.000032s ]
INFO: [ template_filter ] --END-- [ RunTime:0.000066s ]
INFO: Run Behavior\ParseTemplateBehavior [ RunTime:0.021809s ]
INFO: [ view_parse ] --END-- [ RunTime:0.021842s ]
INFO: [ view_filter ] --START--
INFO: Run Behavior\WriteHtmlCacheBehavior [ RunTime:0.000024s ]
INFO: [ view_filter ] --END-- [ RunTime:0.000038s ]
INFO: [ app_end ] --START--
INFO: Run Behavior\ShowPageTraceBehavior [ RunTime:0.000222s ]
INFO: [ app_end ] --END-- [ RunTime:0.000251s ]

[ 2017-08-22T14:38:34+08:00 ] 127.0.0.1 /index.php?s=/Admin/Login/login_on
INFO: [ app_init ] --START--
INFO: Run Behavior\BuildLiteBehavior [ RunTime:0.000009s ]
INFO: [ app_init ] --END-- [ RunTime:0.000055s ]
INFO: [ app_begin ] --START--
INFO: Run Behavior\ReadHtmlCacheBehavior [ RunTime:0.000023s ]
INFO: [ app_begin ] --END-- [ RunTime:0.000041s ]
SQL: SHOW COLUMNS FROM `obsec_admin_user` [ RunTime:0.0010s ]
SQL: SELECT `id`,`user_name` FROM `obsec_admin_user` WHERE ( user_name = 'admin' and password = '21232f297a57a5a743894a0e4a801fc3' ) LIMIT 1   [ RunTime:0.1899s ]

[ 2017-08-22T14:38:43+08:00 ] 127.0.0.1 /index.php?s=/Admin/Login/login_on
INFO: [ app_init ] --START--
INFO: Run Behavior\BuildLiteBehavior [ RunTime:0.000010s ]
INFO: [ app_init ] --END-- [ RunTime:0.000067s ]
INFO: [ app_begin ] --START--
INFO: Run Behavior\ReadHtmlCacheBehavior [ RunTime:0.000037s ]
INFO: [ app_begin ] --END-- [ RunTime:0.000090s ]
SQL: SHOW COLUMNS FROM `obsec_admin_user` [ RunTime:0.0009s ]
SQL: SELECT `id`,`user_name` FROM `obsec_admin_user` WHERE ( user_name = 'admin' and password = '96e79218965eb72c92a549dd5a330112' ) LIMIT 1   [ RunTime:0.0002s ]

[ 2017-08-22T14:38:43+08:00 ] 127.0.0.1 /index.php?s=/Admin/Index/index
INFO: [ app_init ] --START--
INFO: Run Behavior\BuildLiteBehavior [ RunTime:0.000015s ]
INFO: [ app_init ] --END-- [ RunTime:0.000105s ]
INFO: [ app_begin ] --START--
INFO: Run Behavior\ReadHtmlCacheBehavior [ RunTime:0.000138s ]
INFO: [ app_begin ] --END-- [ RunTime:0.000200s ]
INFO: [ view_parse ] --START--
INFO: [ template_filter ] --START--
INFO: Run Behavior\ContentReplaceBehavior [ RunTime:0.000031s ]
INFO: [ template_filter ] --END-- [ RunTime:0.000066s ]
INFO: Run Behavior\ParseTemplateBehavior [ RunTime:0.080363s ]
INFO: [ view_parse ] --END-- [ RunTime:0.080399s ]
INFO: [ view_filter ] --START--
INFO: Run Behavior\WriteHtmlCacheBehavior [ RunTime:0.000132s ]
INFO: [ view_filter ] --END-- [ RunTime:0.000150s ]
INFO: [ app_end ] --START--
INFO: Run Behavior\ShowPageTraceBehavior [ RunTime:0.000027s ]
INFO: [ app_end ] --END-- [ RunTime:0.000047s ]

[ 2017-08-22T14:38:43+08:00 ] 127.0.0.1 /index.php?s=/Admin/Usecreat/usecreat.html
INFO: [ app_init ] --START--
INFO: Run Behavior\BuildLiteBehavior [ RunTime:0.000012s ]
INFO: [ app_init ] --END-- [ RunTime:0.000069s ]
INFO: [ app_begin ] --START--
INFO: Run Behavior\ReadHtmlCacheBehavior [ RunTime:0.000099s ]
INFO: [ app_begin ] --END-- [ RunTime:0.002636s ]
INFO: [ view_parse ] --START--
INFO: [ template_filter ] --START--
INFO: Run Behavior\ContentReplaceBehavior [ RunTime:0.000037s ]
INFO: [ template_filter ] --END-- [ RunTime:0.000072s ]
INFO: Run Behavior\ParseTemplateBehavior [ RunTime:0.036198s ]
INFO: [ view_parse ] --END-- [ RunTime:0.036235s ]
INFO: [ view_filter ] --START--
INFO: Run Behavior\WriteHtmlCacheBehavior [ RunTime:0.000025s ]
INFO: [ view_filter ] --END-- [ RunTime:0.000039s ]
INFO: [ app_end ] --START--
INFO: Run Behavior\ShowPageTraceBehavior [ RunTime:0.000027s ]
INFO: [ app_end ] --END-- [ RunTime:0.000049s ]

[ 2017-08-22T14:38:43+08:00 ] 127.0.0.1 /index.php?s=/Admin/Usecreat/usecreat_data
INFO: [ app_init ] --START--
INFO: Run Behavior\BuildLiteBehavior [ RunTime:0.000011s ]
INFO: [ app_init ] --END-- [ RunTime:0.000073s ]
INFO: [ app_begin ] --START--
INFO: Run Behavior\ReadHtmlCacheBehavior [ RunTime:0.000029s ]
INFO: [ app_begin ] --END-- [ RunTime:0.000059s ]
SQL: SHOW COLUMNS FROM `obsec_user` [ RunTime:0.0006s ]
SQL: SHOW COLUMNS FROM `obsec_user` [ RunTime:0.0003s ]
SQL: SELECT a.id,a.user_name,a.register_type,a.corporate_name,a.email,a.phone,b.upload_num,b.upload_size,a.content,a.switch_type,a.register_time FROM obsec_user AS a INNER JOIN obsec_upload_data AS b ON a.id = b.user_id   [ RunTime:0.0013s ]

[ 2017-08-22T14:38:48+08:00 ] 127.0.0.1 /index.php?s=/Admin/Userview/userview.html
INFO: [ app_init ] --START--
INFO: Run Behavior\BuildLiteBehavior [ RunTime:0.000147s ]
INFO: [ app_init ] --END-- [ RunTime:0.000420s ]
INFO: [ app_begin ] --START--
INFO: Run Behavior\ReadHtmlCacheBehavior [ RunTime:0.000030s ]
INFO: [ app_begin ] --END-- [ RunTime:0.000051s ]
SQL: SHOW COLUMNS FROM `obsec_user` [ RunTime:0.0004s ]
SQL: SELECT `id`,`register_type`,count(register_type) as reg_num FROM `obsec_user` WHERE ( register_date = '2017-08-15' ) GROUP BY register_type  [ RunTime:0.0009s ]
SQL: SELECT `id`,`register_type`,count(register_type) as reg_num FROM `obsec_user` WHERE ( register_date = '2017-08-16' ) GROUP BY register_type  [ RunTime:0.0001s ]
SQL: SELECT `id`,`register_type`,count(register_type) as reg_num FROM `obsec_user` WHERE ( register_date = '2017-08-17' ) GROUP BY register_type  [ RunTime:0.0002s ]
SQL: SELECT `id`,`register_type`,count(register_type) as reg_num FROM `obsec_user` WHERE ( register_date = '2017-08-18' ) GROUP BY register_type  [ RunTime:0.0001s ]
SQL: SELECT `id`,`register_type`,count(register_type) as reg_num FROM `obsec_user` WHERE ( register_date = '2017-08-19' ) GROUP BY register_type  [ RunTime:0.0004s ]
SQL: SELECT `id`,`register_type`,count(register_type) as reg_num FROM `obsec_user` WHERE ( register_date = '2017-08-20' ) GROUP BY register_type  [ RunTime:0.0001s ]
SQL: SELECT `id`,`register_type`,count(register_type) as reg_num FROM `obsec_user` WHERE ( register_date = '2017-08-21' ) GROUP BY register_type  [ RunTime:0.0001s ]
INFO: [ view_parse ] --START--
INFO: [ template_filter ] --START--
INFO: Run Behavior\ContentReplaceBehavior [ RunTime:0.000037s ]
INFO: [ template_filter ] --END-- [ RunTime:0.000073s ]
INFO: Run Behavior\ParseTemplateBehavior [ RunTime:0.018116s ]
INFO: [ view_parse ] --END-- [ RunTime:0.018143s ]
INFO: [ view_filter ] --START--
INFO: Run Behavior\WriteHtmlCacheBehavior [ RunTime:0.000028s ]
INFO: [ view_filter ] --END-- [ RunTime:0.000043s ]
INFO: [ app_end ] --START--
INFO: Run Behavior\ShowPageTraceBehavior [ RunTime:0.000019s ]
INFO: [ app_end ] --END-- [ RunTime:0.000033s ]

[ 2017-08-22T14:38:49+08:00 ] 127.0.0.1 /index.php?s=/Admin/Userview/userview_data
INFO: [ app_init ] --START--
INFO: Run Behavior\BuildLiteBehavior [ RunTime:0.000009s ]
INFO: [ app_init ] --END-- [ RunTime:0.000054s ]
INFO: [ app_begin ] --START--
INFO: Run Behavior\ReadHtmlCacheBehavior [ RunTime:0.000022s ]
INFO: [ app_begin ] --END-- [ RunTime:0.000043s ]
SQL: SHOW COLUMNS FROM `obsec_user` [ RunTime:0.0005s ]
SQL: SHOW COLUMNS FROM `obsec_user` [ RunTime:0.0003s ]
SQL: SELECT a.id,a.user_name,a.register_type,a.corporate_name,a.email,a.phone,b.upload_num,b.upload_size,a.content,a.switch_type,a.register_time FROM obsec_user AS a INNER JOIN obsec_upload_data AS b ON a.id = b.user_id   [ RunTime:0.0001s ]

[ 2017-08-22T14:38:51+08:00 ] 127.0.0.1 /index.php?s=/Admin/Useroper/useroper.html
INFO: [ app_init ] --START--
INFO: Run Behavior\BuildLiteBehavior [ RunTime:0.000013s ]
INFO: [ app_init ] --END-- [ RunTime:0.000087s ]
INFO: [ app_begin ] --START--
INFO: Run Behavior\ReadHtmlCacheBehavior [ RunTime:0.000220s ]
INFO: [ app_begin ] --END-- [ RunTime:0.000265s ]
INFO: [ view_parse ] --START--
INFO: [ template_filter ] --START--
INFO: Run Behavior\ContentReplaceBehavior [ RunTime:0.000028s ]
INFO: [ template_filter ] --END-- [ RunTime:0.000065s ]
INFO: Run Behavior\ParseTemplateBehavior [ RunTime:0.008139s ]
INFO: [ view_parse ] --END-- [ RunTime:0.008178s ]
INFO: [ view_filter ] --START--
INFO: Run Behavior\WriteHtmlCacheBehavior [ RunTime:0.000028s ]
INFO: [ view_filter ] --END-- [ RunTime:0.000042s ]
INFO: [ app_end ] --START--
INFO: Run Behavior\ShowPageTraceBehavior [ RunTime:0.000017s ]
INFO: [ app_end ] --END-- [ RunTime:0.000031s ]

[ 2017-08-22T14:38:51+08:00 ] 127.0.0.1 /index.php?s=/Admin/Useroper/useroper_data
INFO: [ app_init ] --START--
INFO: Run Behavior\BuildLiteBehavior [ RunTime:0.000014s ]
INFO: [ app_init ] --END-- [ RunTime:0.000186s ]
INFO: [ app_begin ] --START--
INFO: Run Behavior\ReadHtmlCacheBehavior [ RunTime:0.000038s ]
INFO: [ app_begin ] --END-- [ RunTime:0.000068s ]
SQL: SHOW COLUMNS FROM `obsec_user` [ RunTime:0.0007s ]
SQL: SHOW COLUMNS FROM `obsec_user` [ RunTime:0.0006s ]
SQL: SELECT a.user_name,a.register_type,a.corporate_name,a.email,a.phone,b.upload_file_size,c.scan_status,c.code_line_num,c.leak_file_type,c.scan_end_time,b.upload_time FROM obsec_user AS a INNER JOIN obsec_upload_info AS b ON a.id = b.user_id INNER JOIN obsec_scan_summary AS c ON b.id = c.upinfo_id   [ RunTime:0.0016s ]

[ 2017-08-22T14:38:52+08:00 ] 127.0.0.1 /index.php?s=/Admin/Staticang/staticang.html
INFO: [ app_init ] --START--
INFO: Run Behavior\BuildLiteBehavior [ RunTime:0.000108s ]
INFO: [ app_init ] --END-- [ RunTime:0.000290s ]
INFO: [ app_begin ] --START--
INFO: Run Behavior\ReadHtmlCacheBehavior [ RunTime:0.000031s ]
INFO: [ app_begin ] --END-- [ RunTime:0.000070s ]
SQL: SHOW COLUMNS FROM `obsec_upload_info` [ RunTime:0.0008s ]
SQL: SELECT `id`,count(id) as scan_num,sum(upload_file_size) scan_size FROM `obsec_upload_info` WHERE ( upload_date = '2017-08-15' )  [ RunTime:0.0004s ]
SQL: SELECT `id`,count(id) as scan_num,sum(upload_file_size) scan_size FROM `obsec_upload_info` WHERE ( upload_date = '2017-08-16' )  [ RunTime:0.0001s ]
SQL: SELECT `id`,count(id) as scan_num,sum(upload_file_size) scan_size FROM `obsec_upload_info` WHERE ( upload_date = '2017-08-17' )  [ RunTime:0.0001s ]
SQL: SELECT `id`,count(id) as scan_num,sum(upload_file_size) scan_size FROM `obsec_upload_info` WHERE ( upload_date = '2017-08-18' )  [ RunTime:0.0001s ]
SQL: SELECT `id`,count(id) as scan_num,sum(upload_file_size) scan_size FROM `obsec_upload_info` WHERE ( upload_date = '2017-08-19' )  [ RunTime:0.0002s ]
SQL: SELECT `id`,count(id) as scan_num,sum(upload_file_size) scan_size FROM `obsec_upload_info` WHERE ( upload_date = '2017-08-20' )  [ RunTime:0.0001s ]
SQL: SELECT `id`,count(id) as scan_num,sum(upload_file_size) scan_size FROM `obsec_upload_info` WHERE ( upload_date = '2017-08-21' )  [ RunTime:0.0001s ]
INFO: [ view_parse ] --START--
INFO: [ template_filter ] --START--
INFO: Run Behavior\ContentReplaceBehavior [ RunTime:0.000029s ]
INFO: [ template_filter ] --END-- [ RunTime:0.000063s ]
INFO: Run Behavior\ParseTemplateBehavior [ RunTime:0.013239s ]
INFO: [ view_parse ] --END-- [ RunTime:0.013265s ]
INFO: [ view_filter ] --START--
INFO: Run Behavior\WriteHtmlCacheBehavior [ RunTime:0.000024s ]
INFO: [ view_filter ] --END-- [ RunTime:0.000039s ]
INFO: [ app_end ] --START--
INFO: Run Behavior\ShowPageTraceBehavior [ RunTime:0.000018s ]
INFO: [ app_end ] --END-- [ RunTime:0.000032s ]

[ 2017-08-22T14:38:52+08:00 ] 127.0.0.1 /index.php?s=/Admin/Staticang/staticang_data
INFO: [ app_init ] --START--
INFO: Run Behavior\BuildLiteBehavior [ RunTime:0.000076s ]
INFO: [ app_init ] --END-- [ RunTime:0.000456s ]
INFO: [ app_begin ] --START--
INFO: Run Behavior\ReadHtmlCacheBehavior [ RunTime:0.000034s ]
INFO: [ app_begin ] --END-- [ RunTime:0.000065s ]
SQL: SHOW COLUMNS FROM `obsec_user` [ RunTime:0.0004s ]
SQL: SHOW COLUMNS FROM `obsec_user` [ RunTime:0.0009s ]
SQL: SELECT a.user_name,a.register_type,a.corporate_name,count(b.id) as scan_num,sum(b.upload_file_size) scan_size FROM obsec_user AS a INNER JOIN obsec_upload_info AS b ON a.id = b.user_id  GROUP BY a.id  [ RunTime:0.0288s ]

[ 2017-08-22T14:39:11+08:00 ] 127.0.0.1 /index.php?s=/Admin/Useroper/useroper.html
INFO: [ app_init ] --START--
INFO: Run Behavior\BuildLiteBehavior [ RunTime:0.000011s ]
INFO: [ app_init ] --END-- [ RunTime:0.000166s ]
INFO: [ app_begin ] --START--
INFO: Run Behavior\ReadHtmlCacheBehavior [ RunTime:0.000028s ]
INFO: [ app_begin ] --END-- [ RunTime:0.000048s ]
INFO: [ view_parse ] --START--
INFO: [ template_filter ] --START--
INFO: Run Behavior\ContentReplaceBehavior [ RunTime:0.000060s ]
INFO: [ template_filter ] --END-- [ RunTime:0.000103s ]
INFO: Run Behavior\ParseTemplateBehavior [ RunTime:0.007768s ]
INFO: [ view_parse ] --END-- [ RunTime:0.007835s ]
INFO: [ view_filter ] --START--
INFO: Run Behavior\WriteHtmlCacheBehavior [ RunTime:0.000167s ]
INFO: [ view_filter ] --END-- [ RunTime:0.000349s ]
INFO: [ app_end ] --START--
INFO: Run Behavior\ShowPageTraceBehavior [ RunTime:0.000118s ]
INFO: [ app_end ] --END-- [ RunTime:0.000142s ]

[ 2017-08-22T14:39:11+08:00 ] 127.0.0.1 /index.php?s=/Admin/Useroper/useroper_data
INFO: [ app_init ] --START--
INFO: Run Behavior\BuildLiteBehavior [ RunTime:0.000009s ]
INFO: [ app_init ] --END-- [ RunTime:0.000062s ]
INFO: [ app_begin ] --START--
INFO: Run Behavior\ReadHtmlCacheBehavior [ RunTime:0.000042s ]
INFO: [ app_begin ] --END-- [ RunTime:0.000066s ]
SQL: SHOW COLUMNS FROM `obsec_user` [ RunTime:0.0006s ]
SQL: SHOW COLUMNS FROM `obsec_user` [ RunTime:0.0003s ]
SQL: SELECT a.user_name,a.register_type,a.corporate_name,a.email,a.phone,b.upload_file_size,c.scan_status,c.code_line_num,c.leak_file_type,c.scan_end_time,b.upload_time FROM obsec_user AS a INNER JOIN obsec_upload_info AS b ON a.id = b.user_id INNER JOIN obsec_scan_summary AS c ON b.id = c.upinfo_id   [ RunTime:0.0004s ]

[ 2017-08-22T14:39:12+08:00 ] 127.0.0.1 /index.php?s=/Admin/Userview/userview.html
INFO: [ app_init ] --START--
INFO: Run Behavior\BuildLiteBehavior [ RunTime:0.000011s ]
INFO: [ app_init ] --END-- [ RunTime:0.000230s ]
INFO: [ app_begin ] --START--
INFO: Run Behavior\ReadHtmlCacheBehavior [ RunTime:0.000120s ]
INFO: [ app_begin ] --END-- [ RunTime:0.000780s ]
SQL: SHOW COLUMNS FROM `obsec_user` [ RunTime:0.0004s ]
SQL: SELECT `id`,`register_type`,count(register_type) as reg_num FROM `obsec_user` WHERE ( register_date = '2017-08-15' ) GROUP BY register_type  [ RunTime:0.0000s ]
SQL: SELECT `id`,`register_type`,count(register_type) as reg_num FROM `obsec_user` WHERE ( register_date = '2017-08-16' ) GROUP BY register_type  [ RunTime:0.0000s ]
SQL: SELECT `id`,`register_type`,count(register_type) as reg_num FROM `obsec_user` WHERE ( register_date = '2017-08-17' ) GROUP BY register_type  [ RunTime:0.0000s ]
SQL: SELECT `id`,`register_type`,count(register_type) as reg_num FROM `obsec_user` WHERE ( register_date = '2017-08-18' ) GROUP BY register_type  [ RunTime:0.0000s ]
SQL: SELECT `id`,`register_type`,count(register_type) as reg_num FROM `obsec_user` WHERE ( register_date = '2017-08-19' ) GROUP BY register_type  [ RunTime:0.0000s ]
SQL: SELECT `id`,`register_type`,count(register_type) as reg_num FROM `obsec_user` WHERE ( register_date = '2017-08-20' ) GROUP BY register_type  [ RunTime:0.0000s ]
SQL: SELECT `id`,`register_type`,count(register_type) as reg_num FROM `obsec_user` WHERE ( register_date = '2017-08-21' ) GROUP BY register_type  [ RunTime:0.0000s ]
INFO: [ view_parse ] --START--
INFO: [ template_filter ] --START--
INFO: Run Behavior\ContentReplaceBehavior [ RunTime:0.000033s ]
INFO: [ template_filter ] --END-- [ RunTime:0.000057s ]
INFO: Run Behavior\ParseTemplateBehavior [ RunTime:0.001823s ]
INFO: [ view_parse ] --END-- [ RunTime:0.001849s ]
INFO: [ view_filter ] --START--
INFO: Run Behavior\WriteHtmlCacheBehavior [ RunTime:0.000022s ]
INFO: [ view_filter ] --END-- [ RunTime:0.000036s ]
INFO: [ app_end ] --START--
INFO: Run Behavior\ShowPageTraceBehavior [ RunTime:0.000017s ]
INFO: [ app_end ] --END-- [ RunTime:0.000030s ]

[ 2017-08-22T14:39:12+08:00 ] 127.0.0.1 /index.php?s=/Admin/Userview/userview_data
INFO: [ app_init ] --START--
INFO: Run Behavior\BuildLiteBehavior [ RunTime:0.000010s ]
INFO: [ app_init ] --END-- [ RunTime:0.000064s ]
INFO: [ app_begin ] --START--
INFO: Run Behavior\ReadHtmlCacheBehavior [ RunTime:0.000110s ]
INFO: [ app_begin ] --END-- [ RunTime:0.000139s ]
SQL: SHOW COLUMNS FROM `obsec_user` [ RunTime:0.0013s ]
SQL: SHOW COLUMNS FROM `obsec_user` [ RunTime:0.0006s ]
SQL: SELECT a.id,a.user_name,a.register_type,a.corporate_name,a.email,a.phone,b.upload_num,b.upload_size,a.content,a.switch_type,a.register_time FROM obsec_user AS a INNER JOIN obsec_upload_data AS b ON a.id = b.user_id   [ RunTime:0.0002s ]

[ 2017-08-22T14:39:15+08:00 ] 127.0.0.1 /index.php?s=/Admin/Usecreat/usecreat.html
INFO: [ app_init ] --START--
INFO: Run Behavior\BuildLiteBehavior [ RunTime:0.000015s ]
INFO: [ app_init ] --END-- [ RunTime:0.000187s ]
INFO: [ app_begin ] --START--
INFO: Run Behavior\ReadHtmlCacheBehavior [ RunTime:0.000132s ]
INFO: [ app_begin ] --END-- [ RunTime:0.000186s ]
INFO: [ view_parse ] --START--
INFO: [ template_filter ] --START--
INFO: Run Behavior\ContentReplaceBehavior [ RunTime:0.000037s ]
INFO: [ template_filter ] --END-- [ RunTime:0.000072s ]
INFO: Run Behavior\ParseTemplateBehavior [ RunTime:0.003138s ]
INFO: [ view_parse ] --END-- [ RunTime:0.003184s ]
INFO: [ view_filter ] --START--
INFO: Run Behavior\WriteHtmlCacheBehavior [ RunTime:0.000033s ]
INFO: [ view_filter ] --END-- [ RunTime:0.000048s ]
INFO: [ app_end ] --START--
INFO: Run Behavior\ShowPageTraceBehavior [ RunTime:0.000031s ]
INFO: [ app_end ] --END-- [ RunTime:0.000053s ]

[ 2017-08-22T14:39:15+08:00 ] 127.0.0.1 /index.php?s=/Admin/Usecreat/usecreat_data
INFO: [ app_init ] --START--
INFO: Run Behavior\BuildLiteBehavior [ RunTime:0.000048s ]
INFO: [ app_init ] --END-- [ RunTime:0.000660s ]
INFO: [ app_begin ] --START--
INFO: Run Behavior\ReadHtmlCacheBehavior [ RunTime:0.000039s ]
INFO: [ app_begin ] --END-- [ RunTime:0.000069s ]
SQL: SHOW COLUMNS FROM `obsec_user` [ RunTime:0.0005s ]
SQL: SHOW COLUMNS FROM `obsec_user` [ RunTime:0.0003s ]
SQL: SELECT a.id,a.user_name,a.register_type,a.corporate_name,a.email,a.phone,b.upload_num,b.upload_size,a.content,a.switch_type,a.register_time FROM obsec_user AS a INNER JOIN obsec_upload_data AS b ON a.id = b.user_id   [ RunTime:0.0000s ]

[ 2017-08-22T14:39:23+08:00 ] 127.0.0.1 /index.php?s=/Admin/Usecreat/usecreat.html
INFO: [ app_init ] --START--
INFO: Run Behavior\BuildLiteBehavior [ RunTime:0.000014s ]
INFO: [ app_init ] --END-- [ RunTime:0.000091s ]
INFO: [ app_begin ] --START--
INFO: Run Behavior\ReadHtmlCacheBehavior [ RunTime:0.000037s ]
INFO: [ app_begin ] --END-- [ RunTime:0.000237s ]
INFO: [ view_parse ] --START--
INFO: [ template_filter ] --START--
INFO: Run Behavior\ContentReplaceBehavior [ RunTime:0.000042s ]
INFO: [ template_filter ] --END-- [ RunTime:0.000084s ]
INFO: Run Behavior\ParseTemplateBehavior [ RunTime:0.003140s ]
INFO: [ view_parse ] --END-- [ RunTime:0.003420s ]
INFO: [ view_filter ] --START--
INFO: Run Behavior\WriteHtmlCacheBehavior [ RunTime:0.000034s ]
INFO: [ view_filter ] --END-- [ RunTime:0.000049s ]
INFO: [ app_end ] --START--
INFO: Run Behavior\ShowPageTraceBehavior [ RunTime:0.000038s ]
INFO: [ app_end ] --END-- [ RunTime:0.000061s ]

[ 2017-08-22T14:39:23+08:00 ] 127.0.0.1 /index.php?s=/Admin/Usecreat/usecreat_data
INFO: [ app_init ] --START--
INFO: Run Behavior\BuildLiteBehavior [ RunTime:0.000008s ]
INFO: [ app_init ] --END-- [ RunTime:0.000051s ]
INFO: [ app_begin ] --START--
INFO: Run Behavior\ReadHtmlCacheBehavior [ RunTime:0.000032s ]
INFO: [ app_begin ] --END-- [ RunTime:0.000062s ]
SQL: SHOW COLUMNS FROM `obsec_user` [ RunTime:0.0010s ]
SQL: SHOW COLUMNS FROM `obsec_user` [ RunTime:0.0004s ]
SQL: SELECT a.id,a.user_name,a.register_type,a.corporate_name,a.email,a.phone,b.upload_num,b.upload_size,a.content,a.switch_type,a.register_time FROM obsec_user AS a INNER JOIN obsec_upload_data AS b ON a.id = b.user_id   [ RunTime:0.0001s ]

[ 2017-08-22T14:39:33+08:00 ] 127.0.0.1 /index.php?s=/Admin/Index/index
INFO: [ app_init ] --START--
INFO: Run Behavior\BuildLiteBehavior [ RunTime:0.000008s ]
INFO: [ app_init ] --END-- [ RunTime:0.000055s ]
INFO: [ app_begin ] --START--
INFO: Run Behavior\ReadHtmlCacheBehavior [ RunTime:0.000022s ]
INFO: [ app_begin ] --END-- [ RunTime:0.000042s ]
INFO: [ view_parse ] --START--
INFO: [ template_filter ] --START--
INFO: Run Behavior\ContentReplaceBehavior [ RunTime:0.000027s ]
INFO: [ template_filter ] --END-- [ RunTime:0.000050s ]
INFO: Run Behavior\ParseTemplateBehavior [ RunTime:0.002426s ]
INFO: [ view_parse ] --END-- [ RunTime:0.002451s ]
INFO: [ view_filter ] --START--
INFO: Run Behavior\WriteHtmlCacheBehavior [ RunTime:0.000030s ]
INFO: [ view_filter ] --END-- [ RunTime:0.000043s ]
INFO: [ app_end ] --START--
INFO: Run Behavior\ShowPageTraceBehavior [ RunTime:0.000019s ]
INFO: [ app_end ] --END-- [ RunTime:0.000034s ]

[ 2017-08-22T14:39:33+08:00 ] 127.0.0.1 /index.php?s=/Admin/Usecreat/usecreat.html
INFO: [ app_init ] --START--
INFO: Run Behavior\BuildLiteBehavior [ RunTime:0.000009s ]
INFO: [ app_init ] --END-- [ RunTime:0.000058s ]
INFO: [ app_begin ] --START--
INFO: Run Behavior\ReadHtmlCacheBehavior [ RunTime:0.000022s ]
INFO: [ app_begin ] --END-- [ RunTime:0.000044s ]
INFO: [ view_parse ] --START--
INFO: [ template_filter ] --START--
INFO: Run Behavior\ContentReplaceBehavior [ RunTime:0.000044s ]
INFO: [ template_filter ] --END-- [ RunTime:0.000101s ]
INFO: Run Behavior\ParseTemplateBehavior [ RunTime:0.003253s ]
INFO: [ view_parse ] --END-- [ RunTime:0.003315s ]
INFO: [ view_filter ] --START--
INFO: Run Behavior\WriteHtmlCacheBehavior [ RunTime:0.000075s ]
INFO: [ view_filter ] --END-- [ RunTime:0.000317s ]
INFO: [ app_end ] --START--
INFO: Run Behavior\ShowPageTraceBehavior [ RunTime:0.000147s ]
INFO: [ app_end ] --END-- [ RunTime:0.000208s ]

[ 2017-08-22T14:39:33+08:00 ] 127.0.0.1 /index.php?s=/Admin/Usecreat/usecreat_data
INFO: [ app_init ] --START--
INFO: Run Behavior\BuildLiteBehavior [ RunTime:0.000008s ]
INFO: [ app_init ] --END-- [ RunTime:0.000054s ]
INFO: [ app_begin ] --START--
INFO: Run Behavior\ReadHtmlCacheBehavior [ RunTime:0.000023s ]
INFO: [ app_begin ] --END-- [ RunTime:0.000046s ]
SQL: SHOW COLUMNS FROM `obsec_user` [ RunTime:0.0006s ]
SQL: SHOW COLUMNS FROM `obsec_user` [ RunTime:0.0003s ]
SQL: SELECT a.id,a.user_name,a.register_type,a.corporate_name,a.email,a.phone,b.upload_num,b.upload_size,a.content,a.switch_type,a.register_time FROM obsec_user AS a INNER JOIN obsec_upload_data AS b ON a.id = b.user_id   [ RunTime:0.0001s ]

[ 2017-08-22T16:35:51+08:00 ] 127.0.0.1 /index.php?s=/admin.back
INFO: [ app_init ] --START--
INFO: Run Behavior\BuildLiteBehavior [ RunTime:0.000009s ]
INFO: [ app_init ] --END-- [ RunTime:0.000116s ]
INFO: [ app_begin ] --START--
INFO: Run Behavior\ReadHtmlCacheBehavior [ RunTime:0.000022s ]
INFO: [ app_begin ] --END-- [ RunTime:0.000043s ]

[ 2017-08-22T16:35:52+08:00 ] 127.0.0.1 /index.php?s=/admin/login.do
INFO: [ app_init ] --START--
INFO: Run Behavior\BuildLiteBehavior [ RunTime:0.000012s ]
INFO: [ app_init ] --END-- [ RunTime:0.000077s ]
INFO: [ app_begin ] --START--
INFO: Run Behavior\ReadHtmlCacheBehavior [ RunTime:0.000033s ]
INFO: [ app_begin ] --END-- [ RunTime:0.000138s ]
ERR: 无法加载控制器:Login.do

[ 2017-08-22T16:35:54+08:00 ] 127.0.0.1 /index.php?s=/admin/login.jsp
INFO: [ app_init ] --START--
INFO: Run Behavior\BuildLiteBehavior [ RunTime:0.000007s ]
INFO: [ app_init ] --END-- [ RunTime:0.000047s ]
INFO: [ app_begin ] --START--
INFO: Run Behavior\ReadHtmlCacheBehavior [ RunTime:0.000024s ]
INFO: [ app_begin ] --END-- [ RunTime:0.000043s ]
ERR: 无法加载控制器:Login.jsp

[ 2017-08-22T16:36:07+08:00 ] 127.0.0.1 /index.php?s=/admin/
INFO: [ app_init ] --START--
INFO: Run Behavior\BuildLiteBehavior [ RunTime:0.000007s ]
INFO: [ app_init ] --END-- [ RunTime:0.000043s ]
INFO: [ app_begin ] --START--
INFO: Run Behavior\ReadHtmlCacheBehavior [ RunTime:0.000021s ]
INFO: [ app_begin ] --END-- [ RunTime:0.000044s ]

[ 2017-08-22T16:36:07+08:00 ] 127.0.0.1 /index.php?s=/Admin/Login/login.html
INFO: [ app_init ] --START--
INFO: Run Behavior\BuildLiteBehavior [ RunTime:0.000009s ]
INFO: [ app_init ] --END-- [ RunTime:0.000055s ]
INFO: [ app_begin ] --START--
INFO: Run Behavior\ReadHtmlCacheBehavior [ RunTime:0.000029s ]
INFO: [ app_begin ] --END-- [ RunTime:0.000053s ]
INFO: [ view_parse ] --START--
INFO: [ template_filter ] --START--
INFO: Run Behavior\ContentReplaceBehavior [ RunTime:0.000034s ]
INFO: [ template_filter ] --END-- [ RunTime:0.000165s ]
INFO: Run Behavior\ParseTemplateBehavior [ RunTime:0.004882s ]
INFO: [ view_parse ] --END-- [ RunTime:0.004915s ]
INFO: [ view_filter ] --START--
INFO: Run Behavior\WriteHtmlCacheBehavior [ RunTime:0.000033s ]
INFO: [ view_filter ] --END-- [ RunTime:0.000048s ]
INFO: [ app_end ] --START--
INFO: Run Behavior\ShowPageTraceBehavior [ RunTime:0.000020s ]
INFO: [ app_end ] --END-- [ RunTime:0.000035s ]

[ 2017-08-22T16:36:07+08:00 ] 127.0.0.1 /index.php?s=/admin/LocalIndex.html
INFO: [ app_init ] --START--
INFO: Run Behavior\BuildLiteBehavior [ RunTime:0.000009s ]
INFO: [ app_init ] --END-- [ RunTime:0.000053s ]
INFO: [ app_begin ] --START--
INFO: Run Behavior\ReadHtmlCacheBehavior [ RunTime:0.000029s ]
INFO: [ app_begin ] --END-- [ RunTime:0.000277s ]
ERR: 无法加载控制器:LocalIndex

[ 2017-08-22T16:36:11+08:00 ] 127.0.0.1 /index.php?s=/Admin/index.jsp
INFO: [ app_init ] --START--
INFO: Run Behavior\BuildLiteBehavior [ RunTime:0.000007s ]
INFO: [ app_init ] --END-- [ RunTime:0.000042s ]
INFO: [ app_begin ] --START--
INFO: Run Behavior\ReadHtmlCacheBehavior [ RunTime:0.000019s ]
INFO: [ app_begin ] --END-- [ RunTime:0.000040s ]
ERR: 无法加载控制器:Index.jsp

[ 2017-08-22T16:36:21+08:00 ] 127.0.0.1 /index.php?s=/admin/login.jsp
INFO: [ app_init ] --START--
INFO: Run Behavior\BuildLiteBehavior [ RunTime:0.000007s ]
INFO: [ app_init ] --END-- [ RunTime:0.000043s ]
INFO: [ app_begin ] --START--
INFO: Run Behavior\ReadHtmlCacheBehavior [ RunTime:0.000022s ]
INFO: [ app_begin ] --END-- [ RunTime:0.000042s ]
ERR: 无法加载控制器:Login.jsp

[ 2017-08-22T16:38:00+08:00 ] 127.0.0.1 /index.php?s=/admin/statistics/ConfigureStatistics
INFO: [ app_init ] --START--
INFO: Run Behavior\BuildLiteBehavior [ RunTime:0.000011s ]
INFO: [ app_init ] --END-- [ RunTime:0.000079s ]
INFO: [ app_begin ] --START--
INFO: Run Behavior\ReadHtmlCacheBehavior [ RunTime:0.000025s ]
INFO: [ app_begin ] --END-- [ RunTime:0.000052s ]
ERR: 无法加载控制器:Statistics

[ 2017-08-22T16:38:00+08:00 ] 127.0.0.1 /index.php?s=/admin/index.html&message=%3cscript%3ealert('icewarp_message_xss.nasl')%3c%2fscript%3e
INFO: [ app_init ] --START--
INFO: Run Behavior\BuildLiteBehavior [ RunTime:0.000012s ]
INFO: [ app_init ] --END-- [ RunTime:0.000078s ]
INFO: [ app_begin ] --START--
INFO: Run Behavior\ReadHtmlCacheBehavior [ RunTime:0.000104s ]
INFO: [ app_begin ] --END-- [ RunTime:0.000139s ]

[ 2017-08-22T16:38:03+08:00 ] 127.0.0.1 /index.php?s=/admin.cgi
INFO: [ app_init ] --START--
INFO: Run Behavior\BuildLiteBehavior [ RunTime:0.000008s ]
INFO: [ app_init ] --END-- [ RunTime:0.000052s ]
INFO: [ app_begin ] --START--
INFO: Run Behavior\ReadHtmlCacheBehavior [ RunTime:0.000019s ]
INFO: [ app_begin ] --END-- [ RunTime:0.000039s ]

[ 2017-08-22T16:38:03+08:00 ] 127.0.0.1 /index.php?s=/admin.cgi
INFO: [ app_init ] --START--
INFO: Run Behavior\BuildLiteBehavior [ RunTime:0.000011s ]
INFO: [ app_init ] --END-- [ RunTime:0.000064s ]
INFO: [ app_begin ] --START--
INFO: Run Behavior\ReadHtmlCacheBehavior [ RunTime:0.000247s ]
INFO: [ app_begin ] --END-- [ RunTime:0.000305s ]

[ 2017-08-22T16:38:04+08:00 ] 127.0.0.1 /index.php?s=/admin/contextAdmin/contextList.jsp
INFO: [ app_init ] --START--
INFO: Run Behavior\BuildLiteBehavior [ RunTime:0.000007s ]
INFO: [ app_init ] --END-- [ RunTime:0.000046s ]
INFO: [ app_begin ] --START--
INFO: Run Behavior\ReadHtmlCacheBehavior [ RunTime:0.000019s ]
INFO: [ app_begin ] --END-- [ RunTime:0.000910s ]
ERR: 无法加载控制器:ContextAdmin

[ 2017-08-22T16:38:10+08:00 ] 127.0.0.1 /index.php?s=/admin.cgi
INFO: [ app_init ] --START--
INFO: Run Behavior\BuildLiteBehavior [ RunTime:0.000006s ]
INFO: [ app_init ] --END-- [ RunTime:0.000040s ]
INFO: [ app_begin ] --START--
INFO: Run Behavior\ReadHtmlCacheBehavior [ RunTime:0.000018s ]
INFO: [ app_begin ] --END-- [ RunTime:0.000037s ]

[ 2017-08-22T16:38:10+08:00 ] 127.0.0.1 /index.php?s=/admin.cgi
INFO: [ app_init ] --START--
INFO: Run Behavior\BuildLiteBehavior [ RunTime:0.000008s ]
INFO: [ app_init ] --END-- [ RunTime:0.000052s ]
INFO: [ app_begin ] --START--
INFO: Run Behavior\ReadHtmlCacheBehavior [ RunTime:0.000022s ]
INFO: [ app_begin ] --END-- [ RunTime:0.000041s ]

[ 2017-08-22T17:03:19+08:00 ] 127.0.0.1 /index.php?s=/Admin/Index/index
INFO: [ app_init ] --START--
INFO: Run Behavior\BuildLiteBehavior [ RunTime:0.000007s ]
INFO: [ app_init ] --END-- [ RunTime:0.000050s ]
INFO: [ app_begin ] --START--
INFO: Run Behavior\ReadHtmlCacheBehavior [ RunTime:0.000065s ]
INFO: [ app_begin ] --END-- [ RunTime:0.000086s ]

[ 2017-08-22T17:03:19+08:00 ] 127.0.0.1 /index.php?s=/Admin/Login/login.html
INFO: [ app_init ] --START--
INFO: Run Behavior\BuildLiteBehavior [ RunTime:0.000022s ]
INFO: [ app_init ] --END-- [ RunTime:0.000483s ]
INFO: [ app_begin ] --START--
INFO: Run Behavior\ReadHtmlCacheBehavior [ RunTime:0.000092s ]
INFO: [ app_begin ] --END-- [ RunTime:0.000127s ]
INFO: [ view_parse ] --START--
INFO: [ template_filter ] --START--
INFO: Run Behavior\ContentReplaceBehavior [ RunTime:0.000032s ]
INFO: [ template_filter ] --END-- [ RunTime:0.000070s ]
INFO: Run Behavior\ParseTemplateBehavior [ RunTime:0.003100s ]
INFO: [ view_parse ] --END-- [ RunTime:0.003143s ]
INFO: [ view_filter ] --START--
INFO: Run Behavior\WriteHtmlCacheBehavior [ RunTime:0.000034s ]
INFO: [ view_filter ] --END-- [ RunTime:0.000050s ]
INFO: [ app_end ] --START--
INFO: Run Behavior\ShowPageTraceBehavior [ RunTime:0.000168s ]
INFO: [ app_end ] --END-- [ RunTime:0.000187s ]

[ 2017-08-22T17:03:37+08:00 ] 127.0.0.1 /index.php?s=/Admin/Login/login_on
INFO: [ app_init ] --START--
INFO: Run Behavior\BuildLiteBehavior [ RunTime:0.000011s ]
INFO: [ app_init ] --END-- [ RunTime:0.000134s ]
INFO: [ app_begin ] --START--
INFO: Run Behavior\ReadHtmlCacheBehavior [ RunTime:0.000084s ]
INFO: [ app_begin ] --END-- [ RunTime:0.000105s ]
SQL: SHOW COLUMNS FROM `obsec_admin_user` [ RunTime:0.0007s ]
SQL: SELECT `id`,`user_name` FROM `obsec_admin_user` WHERE ( user_name = 'admin' and password = '21232f297a57a5a743894a0e4a801fc3' ) LIMIT 1   [ RunTime:0.0000s ]

[ 2017-08-22T17:03:45+08:00 ] 127.0.0.1 /index.php?s=/Admin/Login/login_on
INFO: [ app_init ] --START--
INFO: Run Behavior\BuildLiteBehavior [ RunTime:0.000232s ]
INFO: [ app_init ] --END-- [ RunTime:0.000308s ]
INFO: [ app_begin ] --START--
INFO: Run Behavior\ReadHtmlCacheBehavior [ RunTime:0.000027s ]
INFO: [ app_begin ] --END-- [ RunTime:0.000053s ]
SQL: SHOW COLUMNS FROM `obsec_admin_user` [ RunTime:0.0005s ]
SQL: SELECT `id`,`user_name` FROM `obsec_admin_user` WHERE ( user_name = 'admin' and password = '96e79218965eb72c92a549dd5a330112' ) LIMIT 1   [ RunTime:0.0000s ]

[ 2017-08-22T17:03:45+08:00 ] 127.0.0.1 /index.php?s=/Admin/Index/index
INFO: [ app_init ] --START--
INFO: Run Behavior\BuildLiteBehavior [ RunTime:0.000017s ]
INFO: [ app_init ] --END-- [ RunTime:0.000351s ]
INFO: [ app_begin ] --START--
INFO: Run Behavior\ReadHtmlCacheBehavior [ RunTime:0.000063s ]
INFO: [ app_begin ] --END-- [ RunTime:0.000111s ]
INFO: [ view_parse ] --START--
INFO: [ template_filter ] --START--
INFO: Run Behavior\ContentReplaceBehavior [ RunTime:0.000060s ]
INFO: [ template_filter ] --END-- [ RunTime:0.000096s ]
INFO: Run Behavior\ParseTemplateBehavior [ RunTime:0.003314s ]
INFO: [ view_parse ] --END-- [ RunTime:0.003347s ]
INFO: [ view_filter ] --START--
INFO: Run Behavior\WriteHtmlCacheBehavior [ RunTime:0.000032s ]
INFO: [ view_filter ] --END-- [ RunTime:0.000046s ]
INFO: [ app_end ] --START--
INFO: Run Behavior\ShowPageTraceBehavior [ RunTime:0.000021s ]
INFO: [ app_end ] --END-- [ RunTime:0.000036s ]

[ 2017-08-22T17:03:45+08:00 ] 127.0.0.1 /index.php?s=/Admin/Usecreat/usecreat.html
INFO: [ app_init ] --START--
INFO: Run Behavior\BuildLiteBehavior [ RunTime:0.000015s ]
INFO: [ app_init ] --END-- [ RunTime:0.000361s ]
INFO: [ app_begin ] --START--
INFO: Run Behavior\ReadHtmlCacheBehavior [ RunTime:0.000057s ]
INFO: [ app_begin ] --END-- [ RunTime:0.000107s ]
INFO: [ view_parse ] --START--
INFO: [ template_filter ] --START--
INFO: Run Behavior\ContentReplaceBehavior [ RunTime:0.000069s ]
INFO: [ template_filter ] --END-- [ RunTime:0.000141s ]
INFO: Run Behavior\ParseTemplateBehavior [ RunTime:0.004758s ]
INFO: [ view_parse ] --END-- [ RunTime:0.005008s ]
INFO: [ view_filter ] --START--
INFO: Run Behavior\WriteHtmlCacheBehavior [ RunTime:0.000060s ]
INFO: [ view_filter ] --END-- [ RunTime:0.000091s ]
INFO: [ app_end ] --START--
INFO: Run Behavior\ShowPageTraceBehavior [ RunTime:0.000060s ]
INFO: [ app_end ] --END-- [ RunTime:0.000115s ]

[ 2017-08-22T17:03:45+08:00 ] 127.0.0.1 /index.php?s=/Admin/Usecreat/usecreat_data
INFO: [ app_init ] --START--
INFO: Run Behavior\BuildLiteBehavior [ RunTime:0.000008s ]
INFO: [ app_init ] --END-- [ RunTime:0.000048s ]
INFO: [ app_begin ] --START--
INFO: Run Behavior\ReadHtmlCacheBehavior [ RunTime:0.000020s ]
INFO: [ app_begin ] --END-- [ RunTime:0.000040s ]
SQL: SHOW COLUMNS FROM `obsec_user` [ RunTime:0.0008s ]
SQL: SHOW COLUMNS FROM `obsec_user` [ RunTime:0.0005s ]
SQL: SELECT a.id,a.user_name,a.register_type,a.corporate_name,a.email,a.phone,b.upload_num,b.upload_size,a.content,a.switch_type,a.register_time FROM obsec_user AS a INNER JOIN obsec_upload_data AS b ON a.id = b.user_id   [ RunTime:0.0011s ]

[ 2017-08-22T17:31:35+08:00 ] 127.0.0.1 /index.php?s=/Admin/Index/index
INFO: [ app_init ] --START--
INFO: Run Behavior\BuildLiteBehavior [ RunTime:0.000009s ]
INFO: [ app_init ] --END-- [ RunTime:0.000379s ]
INFO: [ app_begin ] --START--
INFO: Run Behavior\ReadHtmlCacheBehavior [ RunTime:0.000080s ]
INFO: [ app_begin ] --END-- [ RunTime:0.000188s ]
INFO: [ view_parse ] --START--
INFO: [ template_filter ] --START--
INFO: Run Behavior\ContentReplaceBehavior [ RunTime:0.000384s ]
INFO: [ template_filter ] --END-- [ RunTime:0.000424s ]
INFO: Run Behavior\ParseTemplateBehavior [ RunTime:0.012207s ]
INFO: [ view_parse ] --END-- [ RunTime:0.012248s ]
INFO: [ view_filter ] --START--
INFO: Run Behavior\WriteHtmlCacheBehavior [ RunTime:0.000091s ]
INFO: [ view_filter ] --END-- [ RunTime:0.000108s ]
INFO: [ app_end ] --START--
INFO: Run Behavior\ShowPageTraceBehavior [ RunTime:0.000153s ]
INFO: [ app_end ] --END-- [ RunTime:0.000174s ]

[ 2017-08-22T17:31:35+08:00 ] 127.0.0.1 /index.php?s=/Admin/Usecreat/usecreat.html
INFO: [ app_init ] --START--
INFO: Run Behavior\BuildLiteBehavior [ RunTime:0.000017s ]
INFO: [ app_init ] --END-- [ RunTime:0.000235s ]
INFO: [ app_begin ] --START--
INFO: Run Behavior\ReadHtmlCacheBehavior [ RunTime:0.000069s ]
INFO: [ app_begin ] --END-- [ RunTime:0.000217s ]
INFO: [ view_parse ] --START--
INFO: [ template_filter ] --START--
INFO: Run Behavior\ContentReplaceBehavior [ RunTime:0.000115s ]
INFO: [ template_filter ] --END-- [ RunTime:0.000205s ]
INFO: Run Behavior\ParseTemplateBehavior [ RunTime:0.008416s ]
INFO: [ view_parse ] --END-- [ RunTime:0.008518s ]
INFO: [ view_filter ] --START--
INFO: Run Behavior\WriteHtmlCacheBehavior [ RunTime:0.000148s ]
INFO: [ view_filter ] --END-- [ RunTime:0.000197s ]
INFO: [ app_end ] --START--
INFO: Run Behavior\ShowPageTraceBehavior [ RunTime:0.000172s ]
INFO: [ app_end ] --END-- [ RunTime:0.000268s ]

[ 2017-08-22T17:31:35+08:00 ] 127.0.0.1 /index.php?s=/Admin/Usecreat/usecreat_data
INFO: [ app_init ] --START--
INFO: Run Behavior\BuildLiteBehavior [ RunTime:0.000015s ]
INFO: [ app_init ] --END-- [ RunTime:0.000095s ]
INFO: [ app_begin ] --START--
INFO: Run Behavior\ReadHtmlCacheBehavior [ RunTime:0.000037s ]
INFO: [ app_begin ] --END-- [ RunTime:0.000097s ]
SQL: SHOW COLUMNS FROM `obsec_user` [ RunTime:0.0063s ]
SQL: SHOW COLUMNS FROM `obsec_user` [ RunTime:0.0004s ]
SQL: SELECT a.id,a.user_name,a.register_type,a.corporate_name,a.email,a.phone,b.upload_num,b.upload_size,a.content,a.switch_type,a.register_time FROM obsec_user AS a INNER JOIN obsec_upload_data AS b ON a.id = b.user_id   [ RunTime:0.0003s ]

[ 2017-08-22T17:46:17+08:00 ] 127.0.0.1 /index.php?s=/Admin/Index/index
INFO: [ app_init ] --START--
INFO: Run Behavior\BuildLiteBehavior [ RunTime:0.000009s ]
INFO: [ app_init ] --END-- [ RunTime:0.000065s ]
INFO: [ app_begin ] --START--
INFO: Run Behavior\ReadHtmlCacheBehavior [ RunTime:0.000025s ]
INFO: [ app_begin ] --END-- [ RunTime:0.000048s ]
INFO: [ view_parse ] --START--
INFO: [ template_filter ] --START--
INFO: Run Behavior\ContentReplaceBehavior [ RunTime:0.000031s ]
INFO: [ template_filter ] --END-- [ RunTime:0.000065s ]
INFO: Run Behavior\ParseTemplateBehavior [ RunTime:0.040176s ]
INFO: [ view_parse ] --END-- [ RunTime:0.040209s ]
INFO: [ view_filter ] --START--
INFO: Run Behavior\WriteHtmlCacheBehavior [ RunTime:0.000030s ]
INFO: [ view_filter ] --END-- [ RunTime:0.000045s ]
INFO: [ app_end ] --START--
INFO: Run Behavior\ShowPageTraceBehavior [ RunTime:0.000018s ]
INFO: [ app_end ] --END-- [ RunTime:0.000032s ]

[ 2017-08-22T17:46:17+08:00 ] 127.0.0.1 /index.php?s=/Admin/Usecreat/usecreat.html
INFO: [ app_init ] --START--
INFO: Run Behavior\BuildLiteBehavior [ RunTime:0.000009s ]
INFO: [ app_init ] --END-- [ RunTime:0.000084s ]
INFO: [ app_begin ] --START--
INFO: Run Behavior\ReadHtmlCacheBehavior [ RunTime:0.000025s ]
INFO: [ app_begin ] --END-- [ RunTime:0.000049s ]
INFO: [ view_parse ] --START--
INFO: [ template_filter ] --START--
INFO: Run Behavior\ContentReplaceBehavior [ RunTime:0.000058s ]
INFO: [ template_filter ] --END-- [ RunTime:0.000112s ]
INFO: Run Behavior\ParseTemplateBehavior [ RunTime:0.004585s ]
INFO: [ view_parse ] --END-- [ RunTime:0.004772s ]
INFO: [ view_filter ] --START--
INFO: Run Behavior\WriteHtmlCacheBehavior [ RunTime:0.000043s ]
INFO: [ view_filter ] --END-- [ RunTime:0.000069s ]
INFO: [ app_end ] --START--
INFO: Run Behavior\ShowPageTraceBehavior [ RunTime:0.000042s ]
INFO: [ app_end ] --END-- [ RunTime:0.000080s ]

[ 2017-08-22T17:46:17+08:00 ] 127.0.0.1 /index.php?s=/Admin/Usecreat/usecreat_data
INFO: [ app_init ] --START--
INFO: Run Behavior\BuildLiteBehavior [ RunTime:0.000015s ]
INFO: [ app_init ] --END-- [ RunTime:0.000091s ]
INFO: [ app_begin ] --START--
INFO: Run Behavior\ReadHtmlCacheBehavior [ RunTime:0.000040s ]
INFO: [ app_begin ] --END-- [ RunTime:0.000078s ]
SQL: SHOW COLUMNS FROM `obsec_user` [ RunTime:0.0008s ]
SQL: SHOW COLUMNS FROM `obsec_user` [ RunTime:0.0003s ]
SQL: SELECT a.id,a.user_name,a.register_type,a.corporate_name,a.email,a.phone,b.upload_num,b.upload_size,a.content,a.switch_type,a.register_time FROM obsec_user AS a INNER JOIN obsec_upload_data AS b ON a.id = b.user_id   [ RunTime:0.0001s ]

[ 2017-08-22T17:56:20+08:00 ] 127.0.0.1 /index.php?s=/Admin/Index/index
INFO: [ app_init ] --START--
INFO: Run Behavior\BuildLiteBehavior [ RunTime:0.000008s ]
INFO: [ app_init ] --END-- [ RunTime:0.000071s ]
INFO: [ app_begin ] --START--
INFO: Run Behavior\ReadHtmlCacheBehavior [ RunTime:0.000029s ]
INFO: [ app_begin ] --END-- [ RunTime:0.000079s ]
INFO: [ view_parse ] --START--
INFO: [ template_filter ] --START--
INFO: Run Behavior\ContentReplaceBehavior [ RunTime:0.000134s ]
INFO: [ template_filter ] --END-- [ RunTime:0.000161s ]
INFO: Run Behavior\ParseTemplateBehavior [ RunTime:0.003498s ]
INFO: [ view_parse ] --END-- [ RunTime:0.003533s ]
INFO: [ view_filter ] --START--
INFO: Run Behavior\WriteHtmlCacheBehavior [ RunTime:0.000105s ]
INFO: [ view_filter ] --END-- [ RunTime:0.000238s ]
INFO: [ app_end ] --START--
INFO: Run Behavior\ShowPageTraceBehavior [ RunTime:0.000030s ]
INFO: [ app_end ] --END-- [ RunTime:0.000049s ]

[ 2017-08-22T17:56:20+08:00 ] 127.0.0.1 /index.php?s=/Admin/Usecreat/usecreat.html
INFO: [ app_init ] --START--
INFO: Run Behavior\BuildLiteBehavior [ RunTime:0.000009s ]
INFO: [ app_init ] --END-- [ RunTime:0.000054s ]
INFO: [ app_begin ] --START--
INFO: Run Behavior\ReadHtmlCacheBehavior [ RunTime:0.000027s ]
INFO: [ app_begin ] --END-- [ RunTime:0.000119s ]
INFO: [ view_parse ] --START--
INFO: [ template_filter ] --START--
INFO: Run Behavior\ContentReplaceBehavior [ RunTime:0.000122s ]
INFO: [ template_filter ] --END-- [ RunTime:0.000205s ]
INFO: Run Behavior\ParseTemplateBehavior [ RunTime:0.005227s ]
INFO: [ view_parse ] --END-- [ RunTime:0.005393s ]
INFO: [ view_filter ] --START--
INFO: Run Behavior\WriteHtmlCacheBehavior [ RunTime:0.000059s ]
INFO: [ view_filter ] --END-- [ RunTime:0.000094s ]
INFO: [ app_end ] --START--
INFO: Run Behavior\ShowPageTraceBehavior [ RunTime:0.000068s ]
INFO: [ app_end ] --END-- [ RunTime:0.000137s ]

[ 2017-08-22T17:56:20+08:00 ] 127.0.0.1 /index.php?s=/Admin/Usecreat/usecreat_data
INFO: [ app_init ] --START--
INFO: Run Behavior\BuildLiteBehavior [ RunTime:0.000008s ]
INFO: [ app_init ] --END-- [ RunTime:0.000052s ]
INFO: [ app_begin ] --START--
INFO: Run Behavior\ReadHtmlCacheBehavior [ RunTime:0.000021s ]
INFO: [ app_begin ] --END-- [ RunTime:0.000107s ]
SQL: SHOW COLUMNS FROM `obsec_user` [ RunTime:0.0008s ]
SQL: SHOW COLUMNS FROM `obsec_user` [ RunTime:0.0004s ]
SQL: SELECT a.id,a.user_name,a.register_type,a.corporate_name,a.email,a.phone,b.upload_num,b.upload_size,a.content,a.switch_type,a.register_time FROM obsec_user AS a INNER JOIN obsec_upload_data AS b ON a.id = b.user_id   [ RunTime:0.0001s ]

